2023-01-09 16:25:52,787 - mmFusion - INFO - Config:
name = 'ucgan_GF-2'
description = 'test ucgan on WV-3/GF-2 dataset'
model_type = 'UCGAN'
work_dir = 'data/PSData3/model_out/ucgan_GF-2'
log_dir = 'logs/ucgan'
log_file = 'logs/ucgan/ucgan_GF-2.log'
log_level = 'INFO'
only_test = False
ms_chans = 4
bit_depth = 10
train_set_cfg = dict(
    dataset=dict(
        type='PSDataset',
        image_dirs=['data/PSData3/Dataset/Dataset/WV-3/train_res'],
        bit_depth=10),
    num_workers=8,
    batch_size=4,
    shuffle=True)
test_set1_cfg = dict(
    dataset=dict(
        type='PSDataset',
        image_dirs=['data/PSData3/Dataset/Dataset/WV-3/test_res'],
        bit_depth=10),
    num_workers=4,
    batch_size=4,
    shuffle=False)
cuda = True
max_iter = 3000
save_freq = 100
test_freq = 3000
eval_freq = 3000
norm_input = False
optim_cfg = dict(core_module=dict(type='Adam', lr=0.0004))
sched_cfg = dict(step_size=200, gamma=0.5)
loss_cfg = dict(all_rec_loss=dict(type='l1', w=1))
model_cfg = dict(core_module=dict(upscale=4))

2023-01-09 16:25:52,787 - mmFusion - INFO - ===> Loading Datasets
2023-01-09 16:25:52,837 - mmFusion - INFO - ===> Building Model
2023-01-09 16:25:52,839 - mmFusion - INFO - ===> Setting GPU
2023-01-09 16:25:56,260 - mmFusion - INFO - ===> Weight Initializing
2023-01-09 16:25:56,260 - mmFusion - INFO - ===> Setting Optimizer
2023-01-09 16:25:56,261 - mmFusion - INFO - ===> Setting Scheduler
2023-01-09 16:25:56,261 - mmFusion - INFO - ===> Params Count
2023-01-09 16:25:56,261 - mmFusion - INFO - total params of "core_module": 61124
2023-01-09 16:25:56,261 - mmFusion - INFO - total params: 61124
2023-01-09 16:25:56,261 - mmFusion - INFO - total trainable params of "core_module": 61124
2023-01-09 16:25:56,261 - mmFusion - INFO - total trainable params: 61124
2023-01-09 16:25:56,261 - mmFusion - INFO - ===> Training Start
2023-01-09 16:25:58,589 - mmFusion - INFO - ===> training iteration[10/3000] lr: 0.000400, ETA: 11m35s
2023-01-09 16:25:58,589 - mmFusion - INFO - full loss: 0.117296
2023-01-09 16:25:58,589 - mmFusion - INFO - all_rec_loss_l1: 0.117296
2023-01-09 16:25:58,721 - mmFusion - INFO - ===> training iteration[20/3000] lr: 0.000400, ETA: 39s
2023-01-09 16:25:58,722 - mmFusion - INFO - full loss: 0.092388
2023-01-09 16:25:58,722 - mmFusion - INFO - all_rec_loss_l1: 0.092388
2023-01-09 16:25:58,877 - mmFusion - INFO - ===> training iteration[30/3000] lr: 0.000400, ETA: 46s
2023-01-09 16:25:58,878 - mmFusion - INFO - full loss: 0.050896
2023-01-09 16:25:58,878 - mmFusion - INFO - all_rec_loss_l1: 0.050896
2023-01-09 16:25:59,032 - mmFusion - INFO - ===> training iteration[40/3000] lr: 0.000400, ETA: 45s
2023-01-09 16:25:59,032 - mmFusion - INFO - full loss: 0.070574
2023-01-09 16:25:59,032 - mmFusion - INFO - all_rec_loss_l1: 0.070574
2023-01-09 16:25:59,182 - mmFusion - INFO - ===> training iteration[50/3000] lr: 0.000400, ETA: 44s
2023-01-09 16:25:59,182 - mmFusion - INFO - full loss: 0.062089
2023-01-09 16:25:59,182 - mmFusion - INFO - all_rec_loss_l1: 0.062089
2023-01-09 16:25:59,333 - mmFusion - INFO - ===> training iteration[60/3000] lr: 0.000400, ETA: 44s
2023-01-09 16:25:59,334 - mmFusion - INFO - full loss: 0.085897
2023-01-09 16:25:59,334 - mmFusion - INFO - all_rec_loss_l1: 0.085897
2023-01-09 16:25:59,470 - mmFusion - INFO - ===> training iteration[70/3000] lr: 0.000400, ETA: 40s
2023-01-09 16:25:59,471 - mmFusion - INFO - full loss: 0.070926
2023-01-09 16:25:59,471 - mmFusion - INFO - all_rec_loss_l1: 0.070926
2023-01-09 16:25:59,606 - mmFusion - INFO - ===> training iteration[80/3000] lr: 0.000400, ETA: 39s
2023-01-09 16:25:59,606 - mmFusion - INFO - full loss: 0.058013
2023-01-09 16:25:59,607 - mmFusion - INFO - all_rec_loss_l1: 0.058013
2023-01-09 16:25:59,755 - mmFusion - INFO - ===> training iteration[90/3000] lr: 0.000400, ETA: 43s
2023-01-09 16:25:59,756 - mmFusion - INFO - full loss: 0.055367
2023-01-09 16:25:59,756 - mmFusion - INFO - all_rec_loss_l1: 0.055367
2023-01-09 16:25:59,908 - mmFusion - INFO - ===> training iteration[100/3000] lr: 0.000400, ETA: 44s
2023-01-09 16:25:59,909 - mmFusion - INFO - full loss: 0.043014
2023-01-09 16:25:59,909 - mmFusion - INFO - all_rec_loss_l1: 0.043014
2023-01-09 16:25:59,915 - mmFusion - INFO - Checkpoint saved to data/PSData3/model_out/ucgan_GF-2/train_out/model_iter_100.pth
2023-01-09 16:26:00,048 - mmFusion - INFO - ===> training iteration[110/3000] lr: 0.000400, ETA: 40s
2023-01-09 16:26:00,049 - mmFusion - INFO - full loss: 0.027800
2023-01-09 16:26:00,049 - mmFusion - INFO - all_rec_loss_l1: 0.027800
2023-01-09 16:26:00,193 - mmFusion - INFO - ===> training iteration[120/3000] lr: 0.000400, ETA: 41s
2023-01-09 16:26:00,193 - mmFusion - INFO - full loss: 0.050508
2023-01-09 16:26:00,193 - mmFusion - INFO - all_rec_loss_l1: 0.050508
2023-01-09 16:26:00,347 - mmFusion - INFO - ===> training iteration[130/3000] lr: 0.000400, ETA: 44s
2023-01-09 16:26:00,348 - mmFusion - INFO - full loss: 0.047361
2023-01-09 16:26:00,348 - mmFusion - INFO - all_rec_loss_l1: 0.047361
2023-01-09 16:26:00,478 - mmFusion - INFO - ===> training iteration[140/3000] lr: 0.000400, ETA: 37s
2023-01-09 16:26:00,478 - mmFusion - INFO - full loss: 0.063210
2023-01-09 16:26:00,478 - mmFusion - INFO - all_rec_loss_l1: 0.063210
2023-01-09 16:26:00,632 - mmFusion - INFO - ===> training iteration[150/3000] lr: 0.000400, ETA: 43s
2023-01-09 16:26:00,633 - mmFusion - INFO - full loss: 0.058405
2023-01-09 16:26:00,633 - mmFusion - INFO - all_rec_loss_l1: 0.058405
2023-01-09 16:26:00,787 - mmFusion - INFO - ===> training iteration[160/3000] lr: 0.000400, ETA: 43s
2023-01-09 16:26:00,787 - mmFusion - INFO - full loss: 0.063681
2023-01-09 16:26:00,787 - mmFusion - INFO - all_rec_loss_l1: 0.063681
2023-01-09 16:26:00,947 - mmFusion - INFO - ===> training iteration[170/3000] lr: 0.000400, ETA: 45s
2023-01-09 16:26:00,947 - mmFusion - INFO - full loss: 0.049852
2023-01-09 16:26:00,947 - mmFusion - INFO - all_rec_loss_l1: 0.049852
2023-01-09 16:26:01,099 - mmFusion - INFO - ===> training iteration[180/3000] lr: 0.000400, ETA: 43s
2023-01-09 16:26:01,100 - mmFusion - INFO - full loss: 0.068748
2023-01-09 16:26:01,100 - mmFusion - INFO - all_rec_loss_l1: 0.068748
2023-01-09 16:26:01,253 - mmFusion - INFO - ===> training iteration[190/3000] lr: 0.000400, ETA: 43s
2023-01-09 16:26:01,253 - mmFusion - INFO - full loss: 0.057781
2023-01-09 16:26:01,254 - mmFusion - INFO - all_rec_loss_l1: 0.057781
2023-01-09 16:26:01,410 - mmFusion - INFO - ===> training iteration[200/3000] lr: 0.000400, ETA: 43s
2023-01-09 16:26:01,411 - mmFusion - INFO - full loss: 0.051808
2023-01-09 16:26:01,411 - mmFusion - INFO - all_rec_loss_l1: 0.051808
2023-01-09 16:26:01,417 - mmFusion - INFO - Checkpoint saved to data/PSData3/model_out/ucgan_GF-2/train_out/model_iter_200.pth
2023-01-09 16:26:01,559 - mmFusion - INFO - ===> training iteration[210/3000] lr: 0.000200, ETA: 41s
2023-01-09 16:26:01,560 - mmFusion - INFO - full loss: 0.037829
2023-01-09 16:26:01,560 - mmFusion - INFO - all_rec_loss_l1: 0.037829
2023-01-09 16:26:01,700 - mmFusion - INFO - ===> training iteration[220/3000] lr: 0.000200, ETA: 39s
2023-01-09 16:26:01,700 - mmFusion - INFO - full loss: 0.028518
2023-01-09 16:26:01,701 - mmFusion - INFO - all_rec_loss_l1: 0.028518
2023-01-09 16:26:01,852 - mmFusion - INFO - ===> training iteration[230/3000] lr: 0.000200, ETA: 42s
2023-01-09 16:26:01,852 - mmFusion - INFO - full loss: 0.021391
2023-01-09 16:26:01,852 - mmFusion - INFO - all_rec_loss_l1: 0.021391
2023-01-09 16:26:02,005 - mmFusion - INFO - ===> training iteration[240/3000] lr: 0.000200, ETA: 42s
2023-01-09 16:26:02,006 - mmFusion - INFO - full loss: 0.029519
2023-01-09 16:26:02,006 - mmFusion - INFO - all_rec_loss_l1: 0.029519
2023-01-09 16:26:02,161 - mmFusion - INFO - ===> training iteration[250/3000] lr: 0.000200, ETA: 42s
2023-01-09 16:26:02,162 - mmFusion - INFO - full loss: 0.050270
2023-01-09 16:26:02,162 - mmFusion - INFO - all_rec_loss_l1: 0.050270
2023-01-09 16:26:02,318 - mmFusion - INFO - ===> training iteration[260/3000] lr: 0.000200, ETA: 42s
2023-01-09 16:26:02,318 - mmFusion - INFO - full loss: 0.062612
2023-01-09 16:26:02,318 - mmFusion - INFO - all_rec_loss_l1: 0.062612
2023-01-09 16:26:02,465 - mmFusion - INFO - ===> training iteration[270/3000] lr: 0.000200, ETA: 40s
2023-01-09 16:26:02,465 - mmFusion - INFO - full loss: 0.038169
2023-01-09 16:26:02,465 - mmFusion - INFO - all_rec_loss_l1: 0.038169
2023-01-09 16:26:02,613 - mmFusion - INFO - ===> training iteration[280/3000] lr: 0.000200, ETA: 40s
2023-01-09 16:26:02,613 - mmFusion - INFO - full loss: 0.056284
2023-01-09 16:26:02,613 - mmFusion - INFO - all_rec_loss_l1: 0.056284
2023-01-09 16:26:02,770 - mmFusion - INFO - ===> training iteration[290/3000] lr: 0.000200, ETA: 42s
2023-01-09 16:26:02,770 - mmFusion - INFO - full loss: 0.037097
2023-01-09 16:26:02,770 - mmFusion - INFO - all_rec_loss_l1: 0.037097
2023-01-09 16:26:02,909 - mmFusion - INFO - ===> training iteration[300/3000] lr: 0.000200, ETA: 37s
2023-01-09 16:26:02,909 - mmFusion - INFO - full loss: 0.052331
2023-01-09 16:26:02,909 - mmFusion - INFO - all_rec_loss_l1: 0.052331
2023-01-09 16:26:02,915 - mmFusion - INFO - Checkpoint saved to data/PSData3/model_out/ucgan_GF-2/train_out/model_iter_300.pth
2023-01-09 16:26:03,057 - mmFusion - INFO - ===> training iteration[310/3000] lr: 0.000200, ETA: 39s
2023-01-09 16:26:03,057 - mmFusion - INFO - full loss: 0.050211
2023-01-09 16:26:03,058 - mmFusion - INFO - all_rec_loss_l1: 0.050211
2023-01-09 16:26:03,211 - mmFusion - INFO - ===> training iteration[320/3000] lr: 0.000200, ETA: 41s
2023-01-09 16:26:03,211 - mmFusion - INFO - full loss: 0.050409
2023-01-09 16:26:03,211 - mmFusion - INFO - all_rec_loss_l1: 0.050409
2023-01-09 16:26:03,366 - mmFusion - INFO - ===> training iteration[330/3000] lr: 0.000200, ETA: 41s
2023-01-09 16:26:03,366 - mmFusion - INFO - full loss: 0.078087
2023-01-09 16:26:03,366 - mmFusion - INFO - all_rec_loss_l1: 0.078087
2023-01-09 16:26:03,522 - mmFusion - INFO - ===> training iteration[340/3000] lr: 0.000200, ETA: 41s
2023-01-09 16:26:03,522 - mmFusion - INFO - full loss: 0.044214
2023-01-09 16:26:03,523 - mmFusion - INFO - all_rec_loss_l1: 0.044214
2023-01-09 16:26:03,667 - mmFusion - INFO - ===> training iteration[350/3000] lr: 0.000200, ETA: 38s
2023-01-09 16:26:03,668 - mmFusion - INFO - full loss: 0.051486
2023-01-09 16:26:03,668 - mmFusion - INFO - all_rec_loss_l1: 0.051486
2023-01-09 16:26:03,817 - mmFusion - INFO - ===> training iteration[360/3000] lr: 0.000200, ETA: 39s
2023-01-09 16:26:03,817 - mmFusion - INFO - full loss: 0.031587
2023-01-09 16:26:03,817 - mmFusion - INFO - all_rec_loss_l1: 0.031587
2023-01-09 16:26:03,963 - mmFusion - INFO - ===> training iteration[370/3000] lr: 0.000200, ETA: 38s
2023-01-09 16:26:03,964 - mmFusion - INFO - full loss: 0.051722
2023-01-09 16:26:03,964 - mmFusion - INFO - all_rec_loss_l1: 0.051722
2023-01-09 16:26:04,114 - mmFusion - INFO - ===> training iteration[380/3000] lr: 0.000200, ETA: 39s
2023-01-09 16:26:04,115 - mmFusion - INFO - full loss: 0.035205
2023-01-09 16:26:04,115 - mmFusion - INFO - all_rec_loss_l1: 0.035205
2023-01-09 16:26:04,277 - mmFusion - INFO - ===> training iteration[390/3000] lr: 0.000200, ETA: 42s
2023-01-09 16:26:04,277 - mmFusion - INFO - full loss: 0.045366
2023-01-09 16:26:04,278 - mmFusion - INFO - all_rec_loss_l1: 0.045366
2023-01-09 16:26:04,430 - mmFusion - INFO - ===> training iteration[400/3000] lr: 0.000200, ETA: 39s
2023-01-09 16:26:04,430 - mmFusion - INFO - full loss: 0.053124
2023-01-09 16:26:04,431 - mmFusion - INFO - all_rec_loss_l1: 0.053124
2023-01-09 16:26:04,435 - mmFusion - INFO - Checkpoint saved to data/PSData3/model_out/ucgan_GF-2/train_out/model_iter_400.pth
2023-01-09 16:26:04,588 - mmFusion - INFO - ===> training iteration[410/3000] lr: 0.000100, ETA: 40s
2023-01-09 16:26:04,589 - mmFusion - INFO - full loss: 0.057656
2023-01-09 16:26:04,589 - mmFusion - INFO - all_rec_loss_l1: 0.057656
2023-01-09 16:26:04,738 - mmFusion - INFO - ===> training iteration[420/3000] lr: 0.000100, ETA: 38s
2023-01-09 16:26:04,738 - mmFusion - INFO - full loss: 0.052564
2023-01-09 16:26:04,738 - mmFusion - INFO - all_rec_loss_l1: 0.052564
2023-01-09 16:26:04,891 - mmFusion - INFO - ===> training iteration[430/3000] lr: 0.000100, ETA: 39s
2023-01-09 16:26:04,891 - mmFusion - INFO - full loss: 0.030287
2023-01-09 16:26:04,891 - mmFusion - INFO - all_rec_loss_l1: 0.030287
2023-01-09 16:26:05,037 - mmFusion - INFO - ===> training iteration[440/3000] lr: 0.000100, ETA: 37s
2023-01-09 16:26:05,037 - mmFusion - INFO - full loss: 0.051207
2023-01-09 16:26:05,037 - mmFusion - INFO - all_rec_loss_l1: 0.051207
2023-01-09 16:26:05,195 - mmFusion - INFO - ===> training iteration[450/3000] lr: 0.000100, ETA: 40s
2023-01-09 16:26:05,195 - mmFusion - INFO - full loss: 0.054286
2023-01-09 16:26:05,196 - mmFusion - INFO - all_rec_loss_l1: 0.054286
2023-01-09 16:26:05,338 - mmFusion - INFO - ===> training iteration[460/3000] lr: 0.000100, ETA: 36s
2023-01-09 16:26:05,339 - mmFusion - INFO - full loss: 0.059409
2023-01-09 16:26:05,339 - mmFusion - INFO - all_rec_loss_l1: 0.059409
2023-01-09 16:26:05,483 - mmFusion - INFO - ===> training iteration[470/3000] lr: 0.000100, ETA: 36s
2023-01-09 16:26:05,483 - mmFusion - INFO - full loss: 0.043913
2023-01-09 16:26:05,483 - mmFusion - INFO - all_rec_loss_l1: 0.043913
2023-01-09 16:26:05,639 - mmFusion - INFO - ===> training iteration[480/3000] lr: 0.000100, ETA: 39s
2023-01-09 16:26:05,640 - mmFusion - INFO - full loss: 0.067337
2023-01-09 16:26:05,640 - mmFusion - INFO - all_rec_loss_l1: 0.067337
2023-01-09 16:26:05,797 - mmFusion - INFO - ===> training iteration[490/3000] lr: 0.000100, ETA: 39s
2023-01-09 16:26:05,798 - mmFusion - INFO - full loss: 0.056229
2023-01-09 16:26:05,798 - mmFusion - INFO - all_rec_loss_l1: 0.056229
2023-01-09 16:26:05,952 - mmFusion - INFO - ===> training iteration[500/3000] lr: 0.000100, ETA: 38s
2023-01-09 16:26:05,952 - mmFusion - INFO - full loss: 0.039408
2023-01-09 16:26:05,952 - mmFusion - INFO - all_rec_loss_l1: 0.039408
2023-01-09 16:26:05,959 - mmFusion - INFO - Checkpoint saved to data/PSData3/model_out/ucgan_GF-2/train_out/model_iter_500.pth
2023-01-09 16:26:06,110 - mmFusion - INFO - ===> training iteration[510/3000] lr: 0.000100, ETA: 39s
2023-01-09 16:26:06,110 - mmFusion - INFO - full loss: 0.046396
2023-01-09 16:26:06,110 - mmFusion - INFO - all_rec_loss_l1: 0.046396
2023-01-09 16:26:06,267 - mmFusion - INFO - ===> training iteration[520/3000] lr: 0.000100, ETA: 39s
2023-01-09 16:26:06,267 - mmFusion - INFO - full loss: 0.048592
2023-01-09 16:26:06,268 - mmFusion - INFO - all_rec_loss_l1: 0.048592
2023-01-09 16:26:06,405 - mmFusion - INFO - ===> training iteration[530/3000] lr: 0.000100, ETA: 34s
2023-01-09 16:26:06,406 - mmFusion - INFO - full loss: 0.048770
2023-01-09 16:26:06,406 - mmFusion - INFO - all_rec_loss_l1: 0.048770
2023-01-09 16:26:06,561 - mmFusion - INFO - ===> training iteration[540/3000] lr: 0.000100, ETA: 38s
2023-01-09 16:26:06,561 - mmFusion - INFO - full loss: 0.035804
2023-01-09 16:26:06,561 - mmFusion - INFO - all_rec_loss_l1: 0.035804
2023-01-09 16:26:06,716 - mmFusion - INFO - ===> training iteration[550/3000] lr: 0.000100, ETA: 38s
2023-01-09 16:26:06,717 - mmFusion - INFO - full loss: 0.041710
2023-01-09 16:26:06,717 - mmFusion - INFO - all_rec_loss_l1: 0.041710
2023-01-09 16:26:06,874 - mmFusion - INFO - ===> training iteration[560/3000] lr: 0.000100, ETA: 38s
2023-01-09 16:26:06,874 - mmFusion - INFO - full loss: 0.026579
2023-01-09 16:26:06,874 - mmFusion - INFO - all_rec_loss_l1: 0.026579
2023-01-09 16:26:07,033 - mmFusion - INFO - ===> training iteration[570/3000] lr: 0.000100, ETA: 38s
2023-01-09 16:26:07,034 - mmFusion - INFO - full loss: 0.066692
2023-01-09 16:26:07,034 - mmFusion - INFO - all_rec_loss_l1: 0.066692
2023-01-09 16:26:07,189 - mmFusion - INFO - ===> training iteration[580/3000] lr: 0.000100, ETA: 37s
2023-01-09 16:26:07,190 - mmFusion - INFO - full loss: 0.046485
2023-01-09 16:26:07,190 - mmFusion - INFO - all_rec_loss_l1: 0.046485
2023-01-09 16:26:07,338 - mmFusion - INFO - ===> training iteration[590/3000] lr: 0.000100, ETA: 35s
2023-01-09 16:26:07,339 - mmFusion - INFO - full loss: 0.047595
2023-01-09 16:26:07,339 - mmFusion - INFO - all_rec_loss_l1: 0.047595
2023-01-09 16:26:07,491 - mmFusion - INFO - ===> training iteration[600/3000] lr: 0.000100, ETA: 36s
2023-01-09 16:26:07,491 - mmFusion - INFO - full loss: 0.048710
2023-01-09 16:26:07,491 - mmFusion - INFO - all_rec_loss_l1: 0.048710
2023-01-09 16:26:07,498 - mmFusion - INFO - Checkpoint saved to data/PSData3/model_out/ucgan_GF-2/train_out/model_iter_600.pth
2023-01-09 16:26:07,653 - mmFusion - INFO - ===> training iteration[610/3000] lr: 0.000050, ETA: 38s
2023-01-09 16:26:07,653 - mmFusion - INFO - full loss: 0.028486
2023-01-09 16:26:07,654 - mmFusion - INFO - all_rec_loss_l1: 0.028486
2023-01-09 16:26:07,799 - mmFusion - INFO - ===> training iteration[620/3000] lr: 0.000050, ETA: 34s
2023-01-09 16:26:07,799 - mmFusion - INFO - full loss: 0.030422
2023-01-09 16:26:07,800 - mmFusion - INFO - all_rec_loss_l1: 0.030422
2023-01-09 16:26:07,951 - mmFusion - INFO - ===> training iteration[630/3000] lr: 0.000050, ETA: 36s
2023-01-09 16:26:07,951 - mmFusion - INFO - full loss: 0.049306
2023-01-09 16:26:07,951 - mmFusion - INFO - all_rec_loss_l1: 0.049306
2023-01-09 16:26:08,104 - mmFusion - INFO - ===> training iteration[640/3000] lr: 0.000050, ETA: 36s
2023-01-09 16:26:08,105 - mmFusion - INFO - full loss: 0.035023
2023-01-09 16:26:08,105 - mmFusion - INFO - all_rec_loss_l1: 0.035023
2023-01-09 16:26:08,253 - mmFusion - INFO - ===> training iteration[650/3000] lr: 0.000050, ETA: 34s
2023-01-09 16:26:08,253 - mmFusion - INFO - full loss: 0.029216
2023-01-09 16:26:08,254 - mmFusion - INFO - all_rec_loss_l1: 0.029216
2023-01-09 16:26:08,405 - mmFusion - INFO - ===> training iteration[660/3000] lr: 0.000050, ETA: 35s
2023-01-09 16:26:08,405 - mmFusion - INFO - full loss: 0.019962
2023-01-09 16:26:08,406 - mmFusion - INFO - all_rec_loss_l1: 0.019962
2023-01-09 16:26:08,555 - mmFusion - INFO - ===> training iteration[670/3000] lr: 0.000050, ETA: 34s
2023-01-09 16:26:08,555 - mmFusion - INFO - full loss: 0.052971
2023-01-09 16:26:08,555 - mmFusion - INFO - all_rec_loss_l1: 0.052971
2023-01-09 16:26:08,698 - mmFusion - INFO - ===> training iteration[680/3000] lr: 0.000050, ETA: 33s
2023-01-09 16:26:08,698 - mmFusion - INFO - full loss: 0.046787
2023-01-09 16:26:08,699 - mmFusion - INFO - all_rec_loss_l1: 0.046787
2023-01-09 16:26:08,854 - mmFusion - INFO - ===> training iteration[690/3000] lr: 0.000050, ETA: 35s
2023-01-09 16:26:08,854 - mmFusion - INFO - full loss: 0.069696
2023-01-09 16:26:08,854 - mmFusion - INFO - all_rec_loss_l1: 0.069696
2023-01-09 16:26:09,007 - mmFusion - INFO - ===> training iteration[700/3000] lr: 0.000050, ETA: 35s
2023-01-09 16:26:09,007 - mmFusion - INFO - full loss: 0.065679
2023-01-09 16:26:09,008 - mmFusion - INFO - all_rec_loss_l1: 0.065679
2023-01-09 16:26:09,013 - mmFusion - INFO - Checkpoint saved to data/PSData3/model_out/ucgan_GF-2/train_out/model_iter_700.pth
2023-01-09 16:26:09,169 - mmFusion - INFO - ===> training iteration[710/3000] lr: 0.000050, ETA: 37s
2023-01-09 16:26:09,170 - mmFusion - INFO - full loss: 0.046738
2023-01-09 16:26:09,170 - mmFusion - INFO - all_rec_loss_l1: 0.046738
2023-01-09 16:26:09,324 - mmFusion - INFO - ===> training iteration[720/3000] lr: 0.000050, ETA: 35s
2023-01-09 16:26:09,325 - mmFusion - INFO - full loss: 0.054009
2023-01-09 16:26:09,325 - mmFusion - INFO - all_rec_loss_l1: 0.054009
2023-01-09 16:26:09,475 - mmFusion - INFO - ===> training iteration[730/3000] lr: 0.000050, ETA: 34s
2023-01-09 16:26:09,475 - mmFusion - INFO - full loss: 0.036063
2023-01-09 16:26:09,475 - mmFusion - INFO - all_rec_loss_l1: 0.036063
2023-01-09 16:26:09,630 - mmFusion - INFO - ===> training iteration[740/3000] lr: 0.000050, ETA: 35s
2023-01-09 16:26:09,631 - mmFusion - INFO - full loss: 0.046329
2023-01-09 16:26:09,631 - mmFusion - INFO - all_rec_loss_l1: 0.046329
2023-01-09 16:26:09,787 - mmFusion - INFO - ===> training iteration[750/3000] lr: 0.000050, ETA: 35s
2023-01-09 16:26:09,787 - mmFusion - INFO - full loss: 0.044725
2023-01-09 16:26:09,788 - mmFusion - INFO - all_rec_loss_l1: 0.044725
2023-01-09 16:26:09,939 - mmFusion - INFO - ===> training iteration[760/3000] lr: 0.000050, ETA: 34s
2023-01-09 16:26:09,940 - mmFusion - INFO - full loss: 0.034805
2023-01-09 16:26:09,940 - mmFusion - INFO - all_rec_loss_l1: 0.034805
2023-01-09 16:26:10,098 - mmFusion - INFO - ===> training iteration[770/3000] lr: 0.000050, ETA: 35s
2023-01-09 16:26:10,099 - mmFusion - INFO - full loss: 0.043098
2023-01-09 16:26:10,099 - mmFusion - INFO - all_rec_loss_l1: 0.043098
2023-01-09 16:26:10,259 - mmFusion - INFO - ===> training iteration[780/3000] lr: 0.000050, ETA: 35s
2023-01-09 16:26:10,259 - mmFusion - INFO - full loss: 0.019786
2023-01-09 16:26:10,259 - mmFusion - INFO - all_rec_loss_l1: 0.019786
2023-01-09 16:26:10,413 - mmFusion - INFO - ===> training iteration[790/3000] lr: 0.000050, ETA: 33s
2023-01-09 16:26:10,413 - mmFusion - INFO - full loss: 0.047544
2023-01-09 16:26:10,413 - mmFusion - INFO - all_rec_loss_l1: 0.047544
2023-01-09 16:26:10,562 - mmFusion - INFO - ===> training iteration[800/3000] lr: 0.000050, ETA: 32s
2023-01-09 16:26:10,563 - mmFusion - INFO - full loss: 0.025410
2023-01-09 16:26:10,563 - mmFusion - INFO - all_rec_loss_l1: 0.025410
2023-01-09 16:26:10,569 - mmFusion - INFO - Checkpoint saved to data/PSData3/model_out/ucgan_GF-2/train_out/model_iter_800.pth
2023-01-09 16:26:10,720 - mmFusion - INFO - ===> training iteration[810/3000] lr: 0.000025, ETA: 34s
2023-01-09 16:26:10,720 - mmFusion - INFO - full loss: 0.044462
2023-01-09 16:26:10,720 - mmFusion - INFO - all_rec_loss_l1: 0.044462
2023-01-09 16:26:10,865 - mmFusion - INFO - ===> training iteration[820/3000] lr: 0.000025, ETA: 31s
2023-01-09 16:26:10,865 - mmFusion - INFO - full loss: 0.049216
2023-01-09 16:26:10,865 - mmFusion - INFO - all_rec_loss_l1: 0.049216
2023-01-09 16:26:11,019 - mmFusion - INFO - ===> training iteration[830/3000] lr: 0.000025, ETA: 33s
2023-01-09 16:26:11,019 - mmFusion - INFO - full loss: 0.055887
2023-01-09 16:26:11,020 - mmFusion - INFO - all_rec_loss_l1: 0.055887
2023-01-09 16:26:11,171 - mmFusion - INFO - ===> training iteration[840/3000] lr: 0.000025, ETA: 32s
2023-01-09 16:26:11,171 - mmFusion - INFO - full loss: 0.027442
2023-01-09 16:26:11,171 - mmFusion - INFO - all_rec_loss_l1: 0.027442
2023-01-09 16:26:11,329 - mmFusion - INFO - ===> training iteration[850/3000] lr: 0.000025, ETA: 33s
2023-01-09 16:26:11,329 - mmFusion - INFO - full loss: 0.041521
2023-01-09 16:26:11,329 - mmFusion - INFO - all_rec_loss_l1: 0.041521
2023-01-09 16:26:11,482 - mmFusion - INFO - ===> training iteration[860/3000] lr: 0.000025, ETA: 32s
2023-01-09 16:26:11,482 - mmFusion - INFO - full loss: 0.036955
2023-01-09 16:26:11,483 - mmFusion - INFO - all_rec_loss_l1: 0.036955
2023-01-09 16:26:11,637 - mmFusion - INFO - ===> training iteration[870/3000] lr: 0.000025, ETA: 33s
2023-01-09 16:26:11,638 - mmFusion - INFO - full loss: 0.047395
2023-01-09 16:26:11,638 - mmFusion - INFO - all_rec_loss_l1: 0.047395
2023-01-09 16:26:11,789 - mmFusion - INFO - ===> training iteration[880/3000] lr: 0.000025, ETA: 32s
2023-01-09 16:26:11,789 - mmFusion - INFO - full loss: 0.052524
2023-01-09 16:26:11,789 - mmFusion - INFO - all_rec_loss_l1: 0.052524
2023-01-09 16:26:11,943 - mmFusion - INFO - ===> training iteration[890/3000] lr: 0.000025, ETA: 32s
2023-01-09 16:26:11,944 - mmFusion - INFO - full loss: 0.059635
2023-01-09 16:26:11,944 - mmFusion - INFO - all_rec_loss_l1: 0.059635
2023-01-09 16:26:12,104 - mmFusion - INFO - ===> training iteration[900/3000] lr: 0.000025, ETA: 33s
2023-01-09 16:26:12,104 - mmFusion - INFO - full loss: 0.044693
2023-01-09 16:26:12,104 - mmFusion - INFO - all_rec_loss_l1: 0.044693
2023-01-09 16:26:12,110 - mmFusion - INFO - Checkpoint saved to data/PSData3/model_out/ucgan_GF-2/train_out/model_iter_900.pth
2023-01-09 16:26:12,274 - mmFusion - INFO - ===> training iteration[910/3000] lr: 0.000025, ETA: 35s
2023-01-09 16:26:12,275 - mmFusion - INFO - full loss: 0.030223
2023-01-09 16:26:12,275 - mmFusion - INFO - all_rec_loss_l1: 0.030223
2023-01-09 16:26:12,428 - mmFusion - INFO - ===> training iteration[920/3000] lr: 0.000025, ETA: 31s
2023-01-09 16:26:12,428 - mmFusion - INFO - full loss: 0.044308
2023-01-09 16:26:12,428 - mmFusion - INFO - all_rec_loss_l1: 0.044308
2023-01-09 16:26:12,593 - mmFusion - INFO - ===> training iteration[930/3000] lr: 0.000025, ETA: 34s
2023-01-09 16:26:12,593 - mmFusion - INFO - full loss: 0.040456
2023-01-09 16:26:12,593 - mmFusion - INFO - all_rec_loss_l1: 0.040456
2023-01-09 16:26:12,747 - mmFusion - INFO - ===> training iteration[940/3000] lr: 0.000025, ETA: 31s
2023-01-09 16:26:12,747 - mmFusion - INFO - full loss: 0.045396
2023-01-09 16:26:12,747 - mmFusion - INFO - all_rec_loss_l1: 0.045396
2023-01-09 16:26:12,900 - mmFusion - INFO - ===> training iteration[950/3000] lr: 0.000025, ETA: 31s
2023-01-09 16:26:12,901 - mmFusion - INFO - full loss: 0.060832
2023-01-09 16:26:12,901 - mmFusion - INFO - all_rec_loss_l1: 0.060832
2023-01-09 16:26:13,044 - mmFusion - INFO - ===> training iteration[960/3000] lr: 0.000025, ETA: 29s
2023-01-09 16:26:13,045 - mmFusion - INFO - full loss: 0.043716
2023-01-09 16:26:13,045 - mmFusion - INFO - all_rec_loss_l1: 0.043716
2023-01-09 16:26:13,203 - mmFusion - INFO - ===> training iteration[970/3000] lr: 0.000025, ETA: 32s
2023-01-09 16:26:13,203 - mmFusion - INFO - full loss: 0.058955
2023-01-09 16:26:13,203 - mmFusion - INFO - all_rec_loss_l1: 0.058955
2023-01-09 16:26:13,375 - mmFusion - INFO - ===> training iteration[980/3000] lr: 0.000025, ETA: 34s
2023-01-09 16:26:13,375 - mmFusion - INFO - full loss: 0.053889
2023-01-09 16:26:13,375 - mmFusion - INFO - all_rec_loss_l1: 0.053889
2023-01-09 16:26:13,526 - mmFusion - INFO - ===> training iteration[990/3000] lr: 0.000025, ETA: 30s
2023-01-09 16:26:13,526 - mmFusion - INFO - full loss: 0.033982
2023-01-09 16:26:13,527 - mmFusion - INFO - all_rec_loss_l1: 0.033982
2023-01-09 16:26:13,682 - mmFusion - INFO - ===> training iteration[1000/3000] lr: 0.000025, ETA: 31s
2023-01-09 16:26:13,682 - mmFusion - INFO - full loss: 0.063694
2023-01-09 16:26:13,682 - mmFusion - INFO - all_rec_loss_l1: 0.063694
2023-01-09 16:26:13,689 - mmFusion - INFO - Checkpoint saved to data/PSData3/model_out/ucgan_GF-2/train_out/model_iter_1000.pth
2023-01-09 16:26:13,843 - mmFusion - INFO - ===> training iteration[1010/3000] lr: 0.000013, ETA: 32s
2023-01-09 16:26:13,844 - mmFusion - INFO - full loss: 0.049214
2023-01-09 16:26:13,844 - mmFusion - INFO - all_rec_loss_l1: 0.049214
2023-01-09 16:26:13,991 - mmFusion - INFO - ===> training iteration[1020/3000] lr: 0.000013, ETA: 29s
2023-01-09 16:26:13,991 - mmFusion - INFO - full loss: 0.042707
2023-01-09 16:26:13,991 - mmFusion - INFO - all_rec_loss_l1: 0.042707
2023-01-09 16:26:14,138 - mmFusion - INFO - ===> training iteration[1030/3000] lr: 0.000013, ETA: 29s
2023-01-09 16:26:14,139 - mmFusion - INFO - full loss: 0.037404
2023-01-09 16:26:14,139 - mmFusion - INFO - all_rec_loss_l1: 0.037404
2023-01-09 16:26:14,288 - mmFusion - INFO - ===> training iteration[1040/3000] lr: 0.000013, ETA: 29s
2023-01-09 16:26:14,289 - mmFusion - INFO - full loss: 0.040778
2023-01-09 16:26:14,289 - mmFusion - INFO - all_rec_loss_l1: 0.040778
2023-01-09 16:26:14,437 - mmFusion - INFO - ===> training iteration[1050/3000] lr: 0.000013, ETA: 29s
2023-01-09 16:26:14,438 - mmFusion - INFO - full loss: 0.049862
2023-01-09 16:26:14,438 - mmFusion - INFO - all_rec_loss_l1: 0.049862
2023-01-09 16:26:14,593 - mmFusion - INFO - ===> training iteration[1060/3000] lr: 0.000013, ETA: 30s
2023-01-09 16:26:14,593 - mmFusion - INFO - full loss: 0.031840
2023-01-09 16:26:14,594 - mmFusion - INFO - all_rec_loss_l1: 0.031840
2023-01-09 16:26:14,750 - mmFusion - INFO - ===> training iteration[1070/3000] lr: 0.000013, ETA: 30s
2023-01-09 16:26:14,750 - mmFusion - INFO - full loss: 0.034485
2023-01-09 16:26:14,751 - mmFusion - INFO - all_rec_loss_l1: 0.034485
2023-01-09 16:26:14,897 - mmFusion - INFO - ===> training iteration[1080/3000] lr: 0.000013, ETA: 28s
2023-01-09 16:26:14,897 - mmFusion - INFO - full loss: 0.064667
2023-01-09 16:26:14,898 - mmFusion - INFO - all_rec_loss_l1: 0.064667
2023-01-09 16:26:15,049 - mmFusion - INFO - ===> training iteration[1090/3000] lr: 0.000013, ETA: 29s
2023-01-09 16:26:15,050 - mmFusion - INFO - full loss: 0.040419
2023-01-09 16:26:15,050 - mmFusion - INFO - all_rec_loss_l1: 0.040419
2023-01-09 16:26:15,199 - mmFusion - INFO - ===> training iteration[1100/3000] lr: 0.000013, ETA: 28s
2023-01-09 16:26:15,199 - mmFusion - INFO - full loss: 0.023183
2023-01-09 16:26:15,199 - mmFusion - INFO - all_rec_loss_l1: 0.023183
2023-01-09 16:26:15,205 - mmFusion - INFO - Checkpoint saved to data/PSData3/model_out/ucgan_GF-2/train_out/model_iter_1100.pth
2023-01-09 16:26:15,369 - mmFusion - INFO - ===> training iteration[1110/3000] lr: 0.000013, ETA: 32s
2023-01-09 16:26:15,369 - mmFusion - INFO - full loss: 0.043103
2023-01-09 16:26:15,369 - mmFusion - INFO - all_rec_loss_l1: 0.043103
2023-01-09 16:26:15,523 - mmFusion - INFO - ===> training iteration[1120/3000] lr: 0.000013, ETA: 29s
2023-01-09 16:26:15,523 - mmFusion - INFO - full loss: 0.047602
2023-01-09 16:26:15,524 - mmFusion - INFO - all_rec_loss_l1: 0.047602
2023-01-09 16:26:15,675 - mmFusion - INFO - ===> training iteration[1130/3000] lr: 0.000013, ETA: 28s
2023-01-09 16:26:15,676 - mmFusion - INFO - full loss: 0.059227
2023-01-09 16:26:15,676 - mmFusion - INFO - all_rec_loss_l1: 0.059227
2023-01-09 16:26:15,832 - mmFusion - INFO - ===> training iteration[1140/3000] lr: 0.000013, ETA: 29s
2023-01-09 16:26:15,832 - mmFusion - INFO - full loss: 0.064294
2023-01-09 16:26:15,833 - mmFusion - INFO - all_rec_loss_l1: 0.064294
2023-01-09 16:26:15,982 - mmFusion - INFO - ===> training iteration[1150/3000] lr: 0.000013, ETA: 27s
2023-01-09 16:26:15,983 - mmFusion - INFO - full loss: 0.042954
2023-01-09 16:26:15,983 - mmFusion - INFO - all_rec_loss_l1: 0.042954
2023-01-09 16:26:16,145 - mmFusion - INFO - ===> training iteration[1160/3000] lr: 0.000013, ETA: 29s
2023-01-09 16:26:16,145 - mmFusion - INFO - full loss: 0.037441
2023-01-09 16:26:16,145 - mmFusion - INFO - all_rec_loss_l1: 0.037441
2023-01-09 16:26:16,294 - mmFusion - INFO - ===> training iteration[1170/3000] lr: 0.000013, ETA: 27s
2023-01-09 16:26:16,295 - mmFusion - INFO - full loss: 0.028169
2023-01-09 16:26:16,296 - mmFusion - INFO - all_rec_loss_l1: 0.028169
2023-01-09 16:26:16,443 - mmFusion - INFO - ===> training iteration[1180/3000] lr: 0.000013, ETA: 27s
2023-01-09 16:26:16,444 - mmFusion - INFO - full loss: 0.021037
2023-01-09 16:26:16,444 - mmFusion - INFO - all_rec_loss_l1: 0.021037
2023-01-09 16:26:16,600 - mmFusion - INFO - ===> training iteration[1190/3000] lr: 0.000013, ETA: 28s
2023-01-09 16:26:16,601 - mmFusion - INFO - full loss: 0.033317
2023-01-09 16:26:16,601 - mmFusion - INFO - all_rec_loss_l1: 0.033317
2023-01-09 16:26:16,749 - mmFusion - INFO - ===> training iteration[1200/3000] lr: 0.000013, ETA: 26s
2023-01-09 16:26:16,749 - mmFusion - INFO - full loss: 0.023248
2023-01-09 16:26:16,749 - mmFusion - INFO - all_rec_loss_l1: 0.023248
2023-01-09 16:26:16,755 - mmFusion - INFO - Checkpoint saved to data/PSData3/model_out/ucgan_GF-2/train_out/model_iter_1200.pth
2023-01-09 16:26:16,901 - mmFusion - INFO - ===> training iteration[1210/3000] lr: 0.000006, ETA: 27s
2023-01-09 16:26:16,901 - mmFusion - INFO - full loss: 0.038495
2023-01-09 16:26:16,902 - mmFusion - INFO - all_rec_loss_l1: 0.038495
2023-01-09 16:26:17,056 - mmFusion - INFO - ===> training iteration[1220/3000] lr: 0.000006, ETA: 27s
2023-01-09 16:26:17,057 - mmFusion - INFO - full loss: 0.054873
2023-01-09 16:26:17,057 - mmFusion - INFO - all_rec_loss_l1: 0.054873
2023-01-09 16:26:17,214 - mmFusion - INFO - ===> training iteration[1230/3000] lr: 0.000006, ETA: 27s
2023-01-09 16:26:17,215 - mmFusion - INFO - full loss: 0.057939
2023-01-09 16:26:17,215 - mmFusion - INFO - all_rec_loss_l1: 0.057939
2023-01-09 16:26:17,365 - mmFusion - INFO - ===> training iteration[1240/3000] lr: 0.000006, ETA: 26s
2023-01-09 16:26:17,366 - mmFusion - INFO - full loss: 0.033106
2023-01-09 16:26:17,366 - mmFusion - INFO - all_rec_loss_l1: 0.033106
2023-01-09 16:26:17,523 - mmFusion - INFO - ===> training iteration[1250/3000] lr: 0.000006, ETA: 27s
2023-01-09 16:26:17,523 - mmFusion - INFO - full loss: 0.089139
2023-01-09 16:26:17,523 - mmFusion - INFO - all_rec_loss_l1: 0.089139
2023-01-09 16:26:17,668 - mmFusion - INFO - ===> training iteration[1260/3000] lr: 0.000006, ETA: 25s
2023-01-09 16:26:17,668 - mmFusion - INFO - full loss: 0.048706
2023-01-09 16:26:17,669 - mmFusion - INFO - all_rec_loss_l1: 0.048706
2023-01-09 16:26:17,830 - mmFusion - INFO - ===> training iteration[1270/3000] lr: 0.000006, ETA: 28s
2023-01-09 16:26:17,831 - mmFusion - INFO - full loss: 0.048845
2023-01-09 16:26:17,831 - mmFusion - INFO - all_rec_loss_l1: 0.048845
2023-01-09 16:26:17,986 - mmFusion - INFO - ===> training iteration[1280/3000] lr: 0.000006, ETA: 26s
2023-01-09 16:26:17,986 - mmFusion - INFO - full loss: 0.038016
2023-01-09 16:26:17,987 - mmFusion - INFO - all_rec_loss_l1: 0.038016
2023-01-09 16:26:18,127 - mmFusion - INFO - ===> training iteration[1290/3000] lr: 0.000006, ETA: 24s
2023-01-09 16:26:18,128 - mmFusion - INFO - full loss: 0.030629
2023-01-09 16:26:18,128 - mmFusion - INFO - all_rec_loss_l1: 0.030629
2023-01-09 16:26:18,286 - mmFusion - INFO - ===> training iteration[1300/3000] lr: 0.000006, ETA: 26s
2023-01-09 16:26:18,286 - mmFusion - INFO - full loss: 0.060934
2023-01-09 16:26:18,286 - mmFusion - INFO - all_rec_loss_l1: 0.060934
2023-01-09 16:26:18,292 - mmFusion - INFO - Checkpoint saved to data/PSData3/model_out/ucgan_GF-2/train_out/model_iter_1300.pth
2023-01-09 16:26:18,446 - mmFusion - INFO - ===> training iteration[1310/3000] lr: 0.000006, ETA: 27s
2023-01-09 16:26:18,446 - mmFusion - INFO - full loss: 0.031404
2023-01-09 16:26:18,447 - mmFusion - INFO - all_rec_loss_l1: 0.031404
2023-01-09 16:26:18,601 - mmFusion - INFO - ===> training iteration[1320/3000] lr: 0.000006, ETA: 26s
2023-01-09 16:26:18,601 - mmFusion - INFO - full loss: 0.041540
2023-01-09 16:26:18,601 - mmFusion - INFO - all_rec_loss_l1: 0.041540
2023-01-09 16:26:18,753 - mmFusion - INFO - ===> training iteration[1330/3000] lr: 0.000006, ETA: 25s
2023-01-09 16:26:18,754 - mmFusion - INFO - full loss: 0.037454
2023-01-09 16:26:18,754 - mmFusion - INFO - all_rec_loss_l1: 0.037454
2023-01-09 16:26:18,909 - mmFusion - INFO - ===> training iteration[1340/3000] lr: 0.000006, ETA: 25s
2023-01-09 16:26:18,909 - mmFusion - INFO - full loss: 0.050056
2023-01-09 16:26:18,909 - mmFusion - INFO - all_rec_loss_l1: 0.050056
2023-01-09 16:26:19,067 - mmFusion - INFO - ===> training iteration[1350/3000] lr: 0.000006, ETA: 26s
2023-01-09 16:26:19,067 - mmFusion - INFO - full loss: 0.046438
2023-01-09 16:26:19,068 - mmFusion - INFO - all_rec_loss_l1: 0.046438
2023-01-09 16:26:19,220 - mmFusion - INFO - ===> training iteration[1360/3000] lr: 0.000006, ETA: 25s
2023-01-09 16:26:19,220 - mmFusion - INFO - full loss: 0.035865
2023-01-09 16:26:19,220 - mmFusion - INFO - all_rec_loss_l1: 0.035865
2023-01-09 16:26:19,373 - mmFusion - INFO - ===> training iteration[1370/3000] lr: 0.000006, ETA: 25s
2023-01-09 16:26:19,374 - mmFusion - INFO - full loss: 0.076842
2023-01-09 16:26:19,374 - mmFusion - INFO - all_rec_loss_l1: 0.076842
2023-01-09 16:26:19,538 - mmFusion - INFO - ===> training iteration[1380/3000] lr: 0.000006, ETA: 26s
2023-01-09 16:26:19,539 - mmFusion - INFO - full loss: 0.042545
2023-01-09 16:26:19,539 - mmFusion - INFO - all_rec_loss_l1: 0.042545
2023-01-09 16:26:19,700 - mmFusion - INFO - ===> training iteration[1390/3000] lr: 0.000006, ETA: 26s
2023-01-09 16:26:19,701 - mmFusion - INFO - full loss: 0.061175
2023-01-09 16:26:19,701 - mmFusion - INFO - all_rec_loss_l1: 0.061175
2023-01-09 16:26:19,853 - mmFusion - INFO - ===> training iteration[1400/3000] lr: 0.000006, ETA: 24s
2023-01-09 16:26:19,854 - mmFusion - INFO - full loss: 0.034423
2023-01-09 16:26:19,854 - mmFusion - INFO - all_rec_loss_l1: 0.034423
2023-01-09 16:26:19,860 - mmFusion - INFO - Checkpoint saved to data/PSData3/model_out/ucgan_GF-2/train_out/model_iter_1400.pth
2023-01-09 16:26:20,010 - mmFusion - INFO - ===> training iteration[1410/3000] lr: 0.000003, ETA: 24s
2023-01-09 16:26:20,011 - mmFusion - INFO - full loss: 0.029022
2023-01-09 16:26:20,011 - mmFusion - INFO - all_rec_loss_l1: 0.029022
2023-01-09 16:26:20,160 - mmFusion - INFO - ===> training iteration[1420/3000] lr: 0.000003, ETA: 23s
2023-01-09 16:26:20,161 - mmFusion - INFO - full loss: 0.048994
2023-01-09 16:26:20,161 - mmFusion - INFO - all_rec_loss_l1: 0.048994
2023-01-09 16:26:20,314 - mmFusion - INFO - ===> training iteration[1430/3000] lr: 0.000003, ETA: 24s
2023-01-09 16:26:20,314 - mmFusion - INFO - full loss: 0.025853
2023-01-09 16:26:20,314 - mmFusion - INFO - all_rec_loss_l1: 0.025853
2023-01-09 16:26:20,468 - mmFusion - INFO - ===> training iteration[1440/3000] lr: 0.000003, ETA: 24s
2023-01-09 16:26:20,469 - mmFusion - INFO - full loss: 0.045825
2023-01-09 16:26:20,469 - mmFusion - INFO - all_rec_loss_l1: 0.045825
2023-01-09 16:26:20,627 - mmFusion - INFO - ===> training iteration[1450/3000] lr: 0.000003, ETA: 24s
2023-01-09 16:26:20,628 - mmFusion - INFO - full loss: 0.058207
2023-01-09 16:26:20,628 - mmFusion - INFO - all_rec_loss_l1: 0.058207
2023-01-09 16:26:20,775 - mmFusion - INFO - ===> training iteration[1460/3000] lr: 0.000003, ETA: 22s
2023-01-09 16:26:20,775 - mmFusion - INFO - full loss: 0.031842
2023-01-09 16:26:20,776 - mmFusion - INFO - all_rec_loss_l1: 0.031842
2023-01-09 16:26:20,929 - mmFusion - INFO - ===> training iteration[1470/3000] lr: 0.000003, ETA: 23s
2023-01-09 16:26:20,929 - mmFusion - INFO - full loss: 0.040334
2023-01-09 16:26:20,930 - mmFusion - INFO - all_rec_loss_l1: 0.040334
2023-01-09 16:26:21,085 - mmFusion - INFO - ===> training iteration[1480/3000] lr: 0.000003, ETA: 23s
2023-01-09 16:26:21,086 - mmFusion - INFO - full loss: 0.048114
2023-01-09 16:26:21,086 - mmFusion - INFO - all_rec_loss_l1: 0.048114
2023-01-09 16:26:21,244 - mmFusion - INFO - ===> training iteration[1490/3000] lr: 0.000003, ETA: 24s
2023-01-09 16:26:21,245 - mmFusion - INFO - full loss: 0.046366
2023-01-09 16:26:21,245 - mmFusion - INFO - all_rec_loss_l1: 0.046366
2023-01-09 16:26:21,397 - mmFusion - INFO - ===> training iteration[1500/3000] lr: 0.000003, ETA: 22s
2023-01-09 16:26:21,397 - mmFusion - INFO - full loss: 0.039744
2023-01-09 16:26:21,397 - mmFusion - INFO - all_rec_loss_l1: 0.039744
2023-01-09 16:26:21,403 - mmFusion - INFO - Checkpoint saved to data/PSData3/model_out/ucgan_GF-2/train_out/model_iter_1500.pth
2023-01-09 16:26:21,567 - mmFusion - INFO - ===> training iteration[1510/3000] lr: 0.000003, ETA: 25s
2023-01-09 16:26:21,567 - mmFusion - INFO - full loss: 0.043799
2023-01-09 16:26:21,568 - mmFusion - INFO - all_rec_loss_l1: 0.043799
2023-01-09 16:26:21,717 - mmFusion - INFO - ===> training iteration[1520/3000] lr: 0.000003, ETA: 22s
2023-01-09 16:26:21,717 - mmFusion - INFO - full loss: 0.030344
2023-01-09 16:26:21,717 - mmFusion - INFO - all_rec_loss_l1: 0.030344
2023-01-09 16:26:21,869 - mmFusion - INFO - ===> training iteration[1530/3000] lr: 0.000003, ETA: 22s
2023-01-09 16:26:21,870 - mmFusion - INFO - full loss: 0.031211
2023-01-09 16:26:21,870 - mmFusion - INFO - all_rec_loss_l1: 0.031211
2023-01-09 16:26:22,022 - mmFusion - INFO - ===> training iteration[1540/3000] lr: 0.000003, ETA: 22s
2023-01-09 16:26:22,022 - mmFusion - INFO - full loss: 0.037118
2023-01-09 16:26:22,023 - mmFusion - INFO - all_rec_loss_l1: 0.037118
2023-01-09 16:26:22,167 - mmFusion - INFO - ===> training iteration[1550/3000] lr: 0.000003, ETA: 21s
2023-01-09 16:26:22,168 - mmFusion - INFO - full loss: 0.044430
2023-01-09 16:26:22,168 - mmFusion - INFO - all_rec_loss_l1: 0.044430
2023-01-09 16:26:22,313 - mmFusion - INFO - ===> training iteration[1560/3000] lr: 0.000003, ETA: 20s
2023-01-09 16:26:22,313 - mmFusion - INFO - full loss: 0.031390
2023-01-09 16:26:22,314 - mmFusion - INFO - all_rec_loss_l1: 0.031390
2023-01-09 16:26:22,457 - mmFusion - INFO - ===> training iteration[1570/3000] lr: 0.000003, ETA: 20s
2023-01-09 16:26:22,458 - mmFusion - INFO - full loss: 0.033433
2023-01-09 16:26:22,458 - mmFusion - INFO - all_rec_loss_l1: 0.033433
2023-01-09 16:26:22,611 - mmFusion - INFO - ===> training iteration[1580/3000] lr: 0.000003, ETA: 21s
2023-01-09 16:26:22,611 - mmFusion - INFO - full loss: 0.033287
2023-01-09 16:26:22,611 - mmFusion - INFO - all_rec_loss_l1: 0.033287
2023-01-09 16:26:22,769 - mmFusion - INFO - ===> training iteration[1590/3000] lr: 0.000003, ETA: 22s
2023-01-09 16:26:22,770 - mmFusion - INFO - full loss: 0.034827
2023-01-09 16:26:22,770 - mmFusion - INFO - all_rec_loss_l1: 0.034827
2023-01-09 16:26:22,938 - mmFusion - INFO - ===> training iteration[1600/3000] lr: 0.000003, ETA: 23s
2023-01-09 16:26:22,938 - mmFusion - INFO - full loss: 0.057620
2023-01-09 16:26:22,938 - mmFusion - INFO - all_rec_loss_l1: 0.057620
2023-01-09 16:26:22,944 - mmFusion - INFO - Checkpoint saved to data/PSData3/model_out/ucgan_GF-2/train_out/model_iter_1600.pth
2023-01-09 16:26:23,095 - mmFusion - INFO - ===> training iteration[1610/3000] lr: 0.000002, ETA: 21s
2023-01-09 16:26:23,096 - mmFusion - INFO - full loss: 0.083579
2023-01-09 16:26:23,096 - mmFusion - INFO - all_rec_loss_l1: 0.083579
2023-01-09 16:26:23,244 - mmFusion - INFO - ===> training iteration[1620/3000] lr: 0.000002, ETA: 20s
2023-01-09 16:26:23,245 - mmFusion - INFO - full loss: 0.033286
2023-01-09 16:26:23,245 - mmFusion - INFO - all_rec_loss_l1: 0.033286
2023-01-09 16:26:23,389 - mmFusion - INFO - ===> training iteration[1630/3000] lr: 0.000002, ETA: 19s
2023-01-09 16:26:23,389 - mmFusion - INFO - full loss: 0.030326
2023-01-09 16:26:23,389 - mmFusion - INFO - all_rec_loss_l1: 0.030326
2023-01-09 16:26:23,551 - mmFusion - INFO - ===> training iteration[1640/3000] lr: 0.000002, ETA: 22s
2023-01-09 16:26:23,551 - mmFusion - INFO - full loss: 0.060452
2023-01-09 16:26:23,552 - mmFusion - INFO - all_rec_loss_l1: 0.060452
2023-01-09 16:26:23,704 - mmFusion - INFO - ===> training iteration[1650/3000] lr: 0.000002, ETA: 20s
2023-01-09 16:26:23,704 - mmFusion - INFO - full loss: 0.071556
2023-01-09 16:26:23,704 - mmFusion - INFO - all_rec_loss_l1: 0.071556
2023-01-09 16:26:23,863 - mmFusion - INFO - ===> training iteration[1660/3000] lr: 0.000002, ETA: 21s
2023-01-09 16:26:23,864 - mmFusion - INFO - full loss: 0.032248
2023-01-09 16:26:23,864 - mmFusion - INFO - all_rec_loss_l1: 0.032248
2023-01-09 16:26:24,023 - mmFusion - INFO - ===> training iteration[1670/3000] lr: 0.000002, ETA: 21s
2023-01-09 16:26:24,024 - mmFusion - INFO - full loss: 0.060649
2023-01-09 16:26:24,024 - mmFusion - INFO - all_rec_loss_l1: 0.060649
2023-01-09 16:26:24,169 - mmFusion - INFO - ===> training iteration[1680/3000] lr: 0.000002, ETA: 19s
2023-01-09 16:26:24,170 - mmFusion - INFO - full loss: 0.030955
2023-01-09 16:26:24,170 - mmFusion - INFO - all_rec_loss_l1: 0.030955
2023-01-09 16:26:24,312 - mmFusion - INFO - ===> training iteration[1690/3000] lr: 0.000002, ETA: 18s
2023-01-09 16:26:24,313 - mmFusion - INFO - full loss: 0.034975
2023-01-09 16:26:24,313 - mmFusion - INFO - all_rec_loss_l1: 0.034975
2023-01-09 16:26:24,455 - mmFusion - INFO - ===> training iteration[1700/3000] lr: 0.000002, ETA: 18s
2023-01-09 16:26:24,455 - mmFusion - INFO - full loss: 0.035179
2023-01-09 16:26:24,455 - mmFusion - INFO - all_rec_loss_l1: 0.035179
2023-01-09 16:26:24,461 - mmFusion - INFO - Checkpoint saved to data/PSData3/model_out/ucgan_GF-2/train_out/model_iter_1700.pth
2023-01-09 16:26:24,615 - mmFusion - INFO - ===> training iteration[1710/3000] lr: 0.000002, ETA: 20s
2023-01-09 16:26:24,615 - mmFusion - INFO - full loss: 0.022956
2023-01-09 16:26:24,616 - mmFusion - INFO - all_rec_loss_l1: 0.022956
2023-01-09 16:26:24,770 - mmFusion - INFO - ===> training iteration[1720/3000] lr: 0.000002, ETA: 19s
2023-01-09 16:26:24,770 - mmFusion - INFO - full loss: 0.034208
2023-01-09 16:26:24,770 - mmFusion - INFO - all_rec_loss_l1: 0.034208
2023-01-09 16:26:24,927 - mmFusion - INFO - ===> training iteration[1730/3000] lr: 0.000002, ETA: 19s
2023-01-09 16:26:24,928 - mmFusion - INFO - full loss: 0.042301
2023-01-09 16:26:24,928 - mmFusion - INFO - all_rec_loss_l1: 0.042301
2023-01-09 16:26:25,085 - mmFusion - INFO - ===> training iteration[1740/3000] lr: 0.000002, ETA: 19s
2023-01-09 16:26:25,085 - mmFusion - INFO - full loss: 0.046825
2023-01-09 16:26:25,085 - mmFusion - INFO - all_rec_loss_l1: 0.046825
2023-01-09 16:26:25,236 - mmFusion - INFO - ===> training iteration[1750/3000] lr: 0.000002, ETA: 18s
2023-01-09 16:26:25,236 - mmFusion - INFO - full loss: 0.052192
2023-01-09 16:26:25,236 - mmFusion - INFO - all_rec_loss_l1: 0.052192
2023-01-09 16:26:25,393 - mmFusion - INFO - ===> training iteration[1760/3000] lr: 0.000002, ETA: 19s
2023-01-09 16:26:25,394 - mmFusion - INFO - full loss: 0.053362
2023-01-09 16:26:25,394 - mmFusion - INFO - all_rec_loss_l1: 0.053362
2023-01-09 16:26:25,543 - mmFusion - INFO - ===> training iteration[1770/3000] lr: 0.000002, ETA: 18s
2023-01-09 16:26:25,544 - mmFusion - INFO - full loss: 0.032870
2023-01-09 16:26:25,544 - mmFusion - INFO - all_rec_loss_l1: 0.032870
2023-01-09 16:26:25,692 - mmFusion - INFO - ===> training iteration[1780/3000] lr: 0.000002, ETA: 18s
2023-01-09 16:26:25,692 - mmFusion - INFO - full loss: 0.033636
2023-01-09 16:26:25,692 - mmFusion - INFO - all_rec_loss_l1: 0.033636
2023-01-09 16:26:25,850 - mmFusion - INFO - ===> training iteration[1790/3000] lr: 0.000002, ETA: 19s
2023-01-09 16:26:25,850 - mmFusion - INFO - full loss: 0.049335
2023-01-09 16:26:25,850 - mmFusion - INFO - all_rec_loss_l1: 0.049335
2023-01-09 16:26:26,007 - mmFusion - INFO - ===> training iteration[1800/3000] lr: 0.000002, ETA: 18s
2023-01-09 16:26:26,008 - mmFusion - INFO - full loss: 0.037454
2023-01-09 16:26:26,008 - mmFusion - INFO - all_rec_loss_l1: 0.037454
2023-01-09 16:26:26,014 - mmFusion - INFO - Checkpoint saved to data/PSData3/model_out/ucgan_GF-2/train_out/model_iter_1800.pth
2023-01-09 16:26:26,166 - mmFusion - INFO - ===> training iteration[1810/3000] lr: 0.000001, ETA: 18s
2023-01-09 16:26:26,166 - mmFusion - INFO - full loss: 0.047030
2023-01-09 16:26:26,166 - mmFusion - INFO - all_rec_loss_l1: 0.047030
2023-01-09 16:26:26,336 - mmFusion - INFO - ===> training iteration[1820/3000] lr: 0.000001, ETA: 20s
2023-01-09 16:26:26,336 - mmFusion - INFO - full loss: 0.027668
2023-01-09 16:26:26,336 - mmFusion - INFO - all_rec_loss_l1: 0.027668
2023-01-09 16:26:26,496 - mmFusion - INFO - ===> training iteration[1830/3000] lr: 0.000001, ETA: 18s
2023-01-09 16:26:26,496 - mmFusion - INFO - full loss: 0.046851
2023-01-09 16:26:26,496 - mmFusion - INFO - all_rec_loss_l1: 0.046851
2023-01-09 16:26:26,650 - mmFusion - INFO - ===> training iteration[1840/3000] lr: 0.000001, ETA: 17s
2023-01-09 16:26:26,651 - mmFusion - INFO - full loss: 0.015994
2023-01-09 16:26:26,651 - mmFusion - INFO - all_rec_loss_l1: 0.015994
2023-01-09 16:26:26,799 - mmFusion - INFO - ===> training iteration[1850/3000] lr: 0.000001, ETA: 17s
2023-01-09 16:26:26,799 - mmFusion - INFO - full loss: 0.033112
2023-01-09 16:26:26,800 - mmFusion - INFO - all_rec_loss_l1: 0.033112
2023-01-09 16:26:26,951 - mmFusion - INFO - ===> training iteration[1860/3000] lr: 0.000001, ETA: 17s
2023-01-09 16:26:26,952 - mmFusion - INFO - full loss: 0.048716
2023-01-09 16:26:26,952 - mmFusion - INFO - all_rec_loss_l1: 0.048716
2023-01-09 16:26:27,098 - mmFusion - INFO - ===> training iteration[1870/3000] lr: 0.000001, ETA: 16s
2023-01-09 16:26:27,098 - mmFusion - INFO - full loss: 0.031825
2023-01-09 16:26:27,098 - mmFusion - INFO - all_rec_loss_l1: 0.031825
2023-01-09 16:26:27,259 - mmFusion - INFO - ===> training iteration[1880/3000] lr: 0.000001, ETA: 18s
2023-01-09 16:26:27,259 - mmFusion - INFO - full loss: 0.052826
2023-01-09 16:26:27,259 - mmFusion - INFO - all_rec_loss_l1: 0.052826
2023-01-09 16:26:27,407 - mmFusion - INFO - ===> training iteration[1890/3000] lr: 0.000001, ETA: 16s
2023-01-09 16:26:27,407 - mmFusion - INFO - full loss: 0.058769
2023-01-09 16:26:27,407 - mmFusion - INFO - all_rec_loss_l1: 0.058769
2023-01-09 16:26:27,554 - mmFusion - INFO - ===> training iteration[1900/3000] lr: 0.000001, ETA: 16s
2023-01-09 16:26:27,554 - mmFusion - INFO - full loss: 0.042835
2023-01-09 16:26:27,554 - mmFusion - INFO - all_rec_loss_l1: 0.042835
2023-01-09 16:26:27,560 - mmFusion - INFO - Checkpoint saved to data/PSData3/model_out/ucgan_GF-2/train_out/model_iter_1900.pth
2023-01-09 16:26:27,716 - mmFusion - INFO - ===> training iteration[1910/3000] lr: 0.000001, ETA: 17s
2023-01-09 16:26:27,717 - mmFusion - INFO - full loss: 0.027360
2023-01-09 16:26:27,717 - mmFusion - INFO - all_rec_loss_l1: 0.027360
2023-01-09 16:26:27,883 - mmFusion - INFO - ===> training iteration[1920/3000] lr: 0.000001, ETA: 18s
2023-01-09 16:26:27,883 - mmFusion - INFO - full loss: 0.056575
2023-01-09 16:26:27,883 - mmFusion - INFO - all_rec_loss_l1: 0.056575
2023-01-09 16:26:28,042 - mmFusion - INFO - ===> training iteration[1930/3000] lr: 0.000001, ETA: 16s
2023-01-09 16:26:28,042 - mmFusion - INFO - full loss: 0.030187
2023-01-09 16:26:28,042 - mmFusion - INFO - all_rec_loss_l1: 0.030187
2023-01-09 16:26:28,198 - mmFusion - INFO - ===> training iteration[1940/3000] lr: 0.000001, ETA: 16s
2023-01-09 16:26:28,199 - mmFusion - INFO - full loss: 0.041142
2023-01-09 16:26:28,199 - mmFusion - INFO - all_rec_loss_l1: 0.041142
2023-01-09 16:26:28,356 - mmFusion - INFO - ===> training iteration[1950/3000] lr: 0.000001, ETA: 16s
2023-01-09 16:26:28,356 - mmFusion - INFO - full loss: 0.038293
2023-01-09 16:26:28,356 - mmFusion - INFO - all_rec_loss_l1: 0.038293
2023-01-09 16:26:28,508 - mmFusion - INFO - ===> training iteration[1960/3000] lr: 0.000001, ETA: 15s
2023-01-09 16:26:28,509 - mmFusion - INFO - full loss: 0.032373
2023-01-09 16:26:28,509 - mmFusion - INFO - all_rec_loss_l1: 0.032373
2023-01-09 16:26:28,665 - mmFusion - INFO - ===> training iteration[1970/3000] lr: 0.000001, ETA: 16s
2023-01-09 16:26:28,665 - mmFusion - INFO - full loss: 0.020208
2023-01-09 16:26:28,666 - mmFusion - INFO - all_rec_loss_l1: 0.020208
2023-01-09 16:26:28,819 - mmFusion - INFO - ===> training iteration[1980/3000] lr: 0.000001, ETA: 15s
2023-01-09 16:26:28,820 - mmFusion - INFO - full loss: 0.022998
2023-01-09 16:26:28,820 - mmFusion - INFO - all_rec_loss_l1: 0.022998
2023-01-09 16:26:28,973 - mmFusion - INFO - ===> training iteration[1990/3000] lr: 0.000001, ETA: 15s
2023-01-09 16:26:28,973 - mmFusion - INFO - full loss: 0.055113
2023-01-09 16:26:28,973 - mmFusion - INFO - all_rec_loss_l1: 0.055113
2023-01-09 16:26:29,123 - mmFusion - INFO - ===> training iteration[2000/3000] lr: 0.000001, ETA: 15s
2023-01-09 16:26:29,124 - mmFusion - INFO - full loss: 0.031405
2023-01-09 16:26:29,124 - mmFusion - INFO - all_rec_loss_l1: 0.031405
2023-01-09 16:26:29,132 - mmFusion - INFO - Checkpoint saved to data/PSData3/model_out/ucgan_GF-2/train_out/model_iter_2000.pth
2023-01-09 16:26:29,271 - mmFusion - INFO - ===> training iteration[2010/3000] lr: 0.000000, ETA: 14s
2023-01-09 16:26:29,272 - mmFusion - INFO - full loss: 0.043265
2023-01-09 16:26:29,272 - mmFusion - INFO - all_rec_loss_l1: 0.043265
2023-01-09 16:26:29,426 - mmFusion - INFO - ===> training iteration[2020/3000] lr: 0.000000, ETA: 15s
2023-01-09 16:26:29,426 - mmFusion - INFO - full loss: 0.058757
2023-01-09 16:26:29,426 - mmFusion - INFO - all_rec_loss_l1: 0.058757
2023-01-09 16:26:29,574 - mmFusion - INFO - ===> training iteration[2030/3000] lr: 0.000000, ETA: 14s
2023-01-09 16:26:29,575 - mmFusion - INFO - full loss: 0.058484
2023-01-09 16:26:29,575 - mmFusion - INFO - all_rec_loss_l1: 0.058484
2023-01-09 16:26:29,723 - mmFusion - INFO - ===> training iteration[2040/3000] lr: 0.000000, ETA: 14s
2023-01-09 16:26:29,723 - mmFusion - INFO - full loss: 0.054925
2023-01-09 16:26:29,723 - mmFusion - INFO - all_rec_loss_l1: 0.054925
2023-01-09 16:26:29,872 - mmFusion - INFO - ===> training iteration[2050/3000] lr: 0.000000, ETA: 14s
2023-01-09 16:26:29,873 - mmFusion - INFO - full loss: 0.032962
2023-01-09 16:26:29,873 - mmFusion - INFO - all_rec_loss_l1: 0.032962
2023-01-09 16:26:30,029 - mmFusion - INFO - ===> training iteration[2060/3000] lr: 0.000000, ETA: 14s
2023-01-09 16:26:30,030 - mmFusion - INFO - full loss: 0.040289
2023-01-09 16:26:30,030 - mmFusion - INFO - all_rec_loss_l1: 0.040289
2023-01-09 16:26:30,171 - mmFusion - INFO - ===> training iteration[2070/3000] lr: 0.000000, ETA: 13s
2023-01-09 16:26:30,172 - mmFusion - INFO - full loss: 0.052029
2023-01-09 16:26:30,172 - mmFusion - INFO - all_rec_loss_l1: 0.052029
2023-01-09 16:26:30,328 - mmFusion - INFO - ===> training iteration[2080/3000] lr: 0.000000, ETA: 14s
2023-01-09 16:26:30,329 - mmFusion - INFO - full loss: 0.052997
2023-01-09 16:26:30,329 - mmFusion - INFO - all_rec_loss_l1: 0.052997
2023-01-09 16:26:30,486 - mmFusion - INFO - ===> training iteration[2090/3000] lr: 0.000000, ETA: 14s
2023-01-09 16:26:30,487 - mmFusion - INFO - full loss: 0.045088
2023-01-09 16:26:30,487 - mmFusion - INFO - all_rec_loss_l1: 0.045088
2023-01-09 16:26:30,640 - mmFusion - INFO - ===> training iteration[2100/3000] lr: 0.000000, ETA: 13s
2023-01-09 16:26:30,646 - mmFusion - INFO - full loss: 0.040271
2023-01-09 16:26:30,646 - mmFusion - INFO - all_rec_loss_l1: 0.040271
2023-01-09 16:26:30,651 - mmFusion - INFO - Checkpoint saved to data/PSData3/model_out/ucgan_GF-2/train_out/model_iter_2100.pth
2023-01-09 16:26:30,800 - mmFusion - INFO - ===> training iteration[2110/3000] lr: 0.000000, ETA: 14s
2023-01-09 16:26:30,800 - mmFusion - INFO - full loss: 0.030877
2023-01-09 16:26:30,800 - mmFusion - INFO - all_rec_loss_l1: 0.030877
2023-01-09 16:26:30,956 - mmFusion - INFO - ===> training iteration[2120/3000] lr: 0.000000, ETA: 13s
2023-01-09 16:26:30,956 - mmFusion - INFO - full loss: 0.028985
2023-01-09 16:26:30,956 - mmFusion - INFO - all_rec_loss_l1: 0.028985
2023-01-09 16:26:31,116 - mmFusion - INFO - ===> training iteration[2130/3000] lr: 0.000000, ETA: 13s
2023-01-09 16:26:31,117 - mmFusion - INFO - full loss: 0.034756
2023-01-09 16:26:31,117 - mmFusion - INFO - all_rec_loss_l1: 0.034756
2023-01-09 16:26:31,267 - mmFusion - INFO - ===> training iteration[2140/3000] lr: 0.000000, ETA: 13s
2023-01-09 16:26:31,268 - mmFusion - INFO - full loss: 0.028214
2023-01-09 16:26:31,268 - mmFusion - INFO - all_rec_loss_l1: 0.028214
2023-01-09 16:26:31,420 - mmFusion - INFO - ===> training iteration[2150/3000] lr: 0.000000, ETA: 12s
2023-01-09 16:26:31,420 - mmFusion - INFO - full loss: 0.037662
2023-01-09 16:26:31,421 - mmFusion - INFO - all_rec_loss_l1: 0.037662
2023-01-09 16:26:31,576 - mmFusion - INFO - ===> training iteration[2160/3000] lr: 0.000000, ETA: 13s
2023-01-09 16:26:31,577 - mmFusion - INFO - full loss: 0.031801
2023-01-09 16:26:31,577 - mmFusion - INFO - all_rec_loss_l1: 0.031801
2023-01-09 16:26:31,727 - mmFusion - INFO - ===> training iteration[2170/3000] lr: 0.000000, ETA: 12s
2023-01-09 16:26:31,727 - mmFusion - INFO - full loss: 0.031820
2023-01-09 16:26:31,727 - mmFusion - INFO - all_rec_loss_l1: 0.031820
2023-01-09 16:26:31,872 - mmFusion - INFO - ===> training iteration[2180/3000] lr: 0.000000, ETA: 11s
2023-01-09 16:26:31,872 - mmFusion - INFO - full loss: 0.038847
2023-01-09 16:26:31,872 - mmFusion - INFO - all_rec_loss_l1: 0.038847
2023-01-09 16:26:32,020 - mmFusion - INFO - ===> training iteration[2190/3000] lr: 0.000000, ETA: 12s
2023-01-09 16:26:32,021 - mmFusion - INFO - full loss: 0.035447
2023-01-09 16:26:32,021 - mmFusion - INFO - all_rec_loss_l1: 0.035447
2023-01-09 16:26:32,173 - mmFusion - INFO - ===> training iteration[2200/3000] lr: 0.000000, ETA: 12s
2023-01-09 16:26:32,173 - mmFusion - INFO - full loss: 0.041577
2023-01-09 16:26:32,173 - mmFusion - INFO - all_rec_loss_l1: 0.041577
2023-01-09 16:26:32,179 - mmFusion - INFO - Checkpoint saved to data/PSData3/model_out/ucgan_GF-2/train_out/model_iter_2200.pth
2023-01-09 16:26:32,329 - mmFusion - INFO - ===> training iteration[2210/3000] lr: 0.000000, ETA: 12s
2023-01-09 16:26:32,330 - mmFusion - INFO - full loss: 0.027806
2023-01-09 16:26:32,330 - mmFusion - INFO - all_rec_loss_l1: 0.027806
2023-01-09 16:26:32,484 - mmFusion - INFO - ===> training iteration[2220/3000] lr: 0.000000, ETA: 12s
2023-01-09 16:26:32,484 - mmFusion - INFO - full loss: 0.049663
2023-01-09 16:26:32,485 - mmFusion - INFO - all_rec_loss_l1: 0.049663
2023-01-09 16:26:32,633 - mmFusion - INFO - ===> training iteration[2230/3000] lr: 0.000000, ETA: 11s
2023-01-09 16:26:32,633 - mmFusion - INFO - full loss: 0.038509
2023-01-09 16:26:32,633 - mmFusion - INFO - all_rec_loss_l1: 0.038509
2023-01-09 16:26:32,791 - mmFusion - INFO - ===> training iteration[2240/3000] lr: 0.000000, ETA: 11s
2023-01-09 16:26:32,791 - mmFusion - INFO - full loss: 0.035334
2023-01-09 16:26:32,791 - mmFusion - INFO - all_rec_loss_l1: 0.035334
2023-01-09 16:26:32,945 - mmFusion - INFO - ===> training iteration[2250/3000] lr: 0.000000, ETA: 11s
2023-01-09 16:26:32,946 - mmFusion - INFO - full loss: 0.045925
2023-01-09 16:26:32,946 - mmFusion - INFO - all_rec_loss_l1: 0.045925
2023-01-09 16:26:33,106 - mmFusion - INFO - ===> training iteration[2260/3000] lr: 0.000000, ETA: 11s
2023-01-09 16:26:33,106 - mmFusion - INFO - full loss: 0.037337
2023-01-09 16:26:33,106 - mmFusion - INFO - all_rec_loss_l1: 0.037337
2023-01-09 16:26:33,254 - mmFusion - INFO - ===> training iteration[2270/3000] lr: 0.000000, ETA: 10s
2023-01-09 16:26:33,254 - mmFusion - INFO - full loss: 0.049489
2023-01-09 16:26:33,254 - mmFusion - INFO - all_rec_loss_l1: 0.049489
2023-01-09 16:26:33,411 - mmFusion - INFO - ===> training iteration[2280/3000] lr: 0.000000, ETA: 11s
2023-01-09 16:26:33,411 - mmFusion - INFO - full loss: 0.049996
2023-01-09 16:26:33,411 - mmFusion - INFO - all_rec_loss_l1: 0.049996
2023-01-09 16:26:33,563 - mmFusion - INFO - ===> training iteration[2290/3000] lr: 0.000000, ETA: 10s
2023-01-09 16:26:33,563 - mmFusion - INFO - full loss: 0.051958
2023-01-09 16:26:33,563 - mmFusion - INFO - all_rec_loss_l1: 0.051958
2023-01-09 16:26:33,711 - mmFusion - INFO - ===> training iteration[2300/3000] lr: 0.000000, ETA: 10s
2023-01-09 16:26:33,712 - mmFusion - INFO - full loss: 0.038984
2023-01-09 16:26:33,712 - mmFusion - INFO - all_rec_loss_l1: 0.038984
2023-01-09 16:26:33,717 - mmFusion - INFO - Checkpoint saved to data/PSData3/model_out/ucgan_GF-2/train_out/model_iter_2300.pth
2023-01-09 16:26:33,868 - mmFusion - INFO - ===> training iteration[2310/3000] lr: 0.000000, ETA: 10s
2023-01-09 16:26:33,868 - mmFusion - INFO - full loss: 0.039688
2023-01-09 16:26:33,868 - mmFusion - INFO - all_rec_loss_l1: 0.039688
2023-01-09 16:26:34,018 - mmFusion - INFO - ===> training iteration[2320/3000] lr: 0.000000, ETA: 10s
2023-01-09 16:26:34,019 - mmFusion - INFO - full loss: 0.038373
2023-01-09 16:26:34,019 - mmFusion - INFO - all_rec_loss_l1: 0.038373
2023-01-09 16:26:34,166 - mmFusion - INFO - ===> training iteration[2330/3000] lr: 0.000000, ETA: 9s
2023-01-09 16:26:34,167 - mmFusion - INFO - full loss: 0.037104
2023-01-09 16:26:34,167 - mmFusion - INFO - all_rec_loss_l1: 0.037104
2023-01-09 16:26:34,322 - mmFusion - INFO - ===> training iteration[2340/3000] lr: 0.000000, ETA: 10s
2023-01-09 16:26:34,322 - mmFusion - INFO - full loss: 0.033831
2023-01-09 16:26:34,322 - mmFusion - INFO - all_rec_loss_l1: 0.033831
2023-01-09 16:26:34,472 - mmFusion - INFO - ===> training iteration[2350/3000] lr: 0.000000, ETA: 9s
2023-01-09 16:26:34,473 - mmFusion - INFO - full loss: 0.038106
2023-01-09 16:26:34,473 - mmFusion - INFO - all_rec_loss_l1: 0.038106
2023-01-09 16:26:34,625 - mmFusion - INFO - ===> training iteration[2360/3000] lr: 0.000000, ETA: 9s
2023-01-09 16:26:34,626 - mmFusion - INFO - full loss: 0.062653
2023-01-09 16:26:34,626 - mmFusion - INFO - all_rec_loss_l1: 0.062653
2023-01-09 16:26:34,771 - mmFusion - INFO - ===> training iteration[2370/3000] lr: 0.000000, ETA: 9s
2023-01-09 16:26:34,773 - mmFusion - INFO - full loss: 0.035031
2023-01-09 16:26:34,773 - mmFusion - INFO - all_rec_loss_l1: 0.035031
2023-01-09 16:26:34,924 - mmFusion - INFO - ===> training iteration[2380/3000] lr: 0.000000, ETA: 9s
2023-01-09 16:26:34,925 - mmFusion - INFO - full loss: 0.037132
2023-01-09 16:26:34,925 - mmFusion - INFO - all_rec_loss_l1: 0.037132
2023-01-09 16:26:35,075 - mmFusion - INFO - ===> training iteration[2390/3000] lr: 0.000000, ETA: 9s
2023-01-09 16:26:35,075 - mmFusion - INFO - full loss: 0.043190
2023-01-09 16:26:35,075 - mmFusion - INFO - all_rec_loss_l1: 0.043190
2023-01-09 16:26:35,238 - mmFusion - INFO - ===> training iteration[2400/3000] lr: 0.000000, ETA: 9s
2023-01-09 16:26:35,239 - mmFusion - INFO - full loss: 0.056988
2023-01-09 16:26:35,239 - mmFusion - INFO - all_rec_loss_l1: 0.056988
2023-01-09 16:26:35,245 - mmFusion - INFO - Checkpoint saved to data/PSData3/model_out/ucgan_GF-2/train_out/model_iter_2400.pth
2023-01-09 16:26:35,407 - mmFusion - INFO - ===> training iteration[2410/3000] lr: 0.000000, ETA: 9s
2023-01-09 16:26:35,407 - mmFusion - INFO - full loss: 0.040574
2023-01-09 16:26:35,408 - mmFusion - INFO - all_rec_loss_l1: 0.040574
2023-01-09 16:26:35,570 - mmFusion - INFO - ===> training iteration[2420/3000] lr: 0.000000, ETA: 9s
2023-01-09 16:26:35,570 - mmFusion - INFO - full loss: 0.048238
2023-01-09 16:26:35,571 - mmFusion - INFO - all_rec_loss_l1: 0.048238
2023-01-09 16:26:35,726 - mmFusion - INFO - ===> training iteration[2430/3000] lr: 0.000000, ETA: 8s
2023-01-09 16:26:35,727 - mmFusion - INFO - full loss: 0.025344
2023-01-09 16:26:35,727 - mmFusion - INFO - all_rec_loss_l1: 0.025344
2023-01-09 16:26:35,889 - mmFusion - INFO - ===> training iteration[2440/3000] lr: 0.000000, ETA: 9s
2023-01-09 16:26:35,889 - mmFusion - INFO - full loss: 0.048666
2023-01-09 16:26:35,889 - mmFusion - INFO - all_rec_loss_l1: 0.048666
2023-01-09 16:26:36,038 - mmFusion - INFO - ===> training iteration[2450/3000] lr: 0.000000, ETA: 8s
2023-01-09 16:26:36,038 - mmFusion - INFO - full loss: 0.047301
2023-01-09 16:26:36,038 - mmFusion - INFO - all_rec_loss_l1: 0.047301
2023-01-09 16:26:36,190 - mmFusion - INFO - ===> training iteration[2460/3000] lr: 0.000000, ETA: 8s
2023-01-09 16:26:36,190 - mmFusion - INFO - full loss: 0.063194
2023-01-09 16:26:36,190 - mmFusion - INFO - all_rec_loss_l1: 0.063194
2023-01-09 16:26:36,348 - mmFusion - INFO - ===> training iteration[2470/3000] lr: 0.000000, ETA: 8s
2023-01-09 16:26:36,348 - mmFusion - INFO - full loss: 0.046295
2023-01-09 16:26:36,349 - mmFusion - INFO - all_rec_loss_l1: 0.046295
2023-01-09 16:26:36,500 - mmFusion - INFO - ===> training iteration[2480/3000] lr: 0.000000, ETA: 7s
2023-01-09 16:26:36,501 - mmFusion - INFO - full loss: 0.053040
2023-01-09 16:26:36,501 - mmFusion - INFO - all_rec_loss_l1: 0.053040
2023-01-09 16:26:36,653 - mmFusion - INFO - ===> training iteration[2490/3000] lr: 0.000000, ETA: 7s
2023-01-09 16:26:36,654 - mmFusion - INFO - full loss: 0.016220
2023-01-09 16:26:36,654 - mmFusion - INFO - all_rec_loss_l1: 0.016220
2023-01-09 16:26:36,810 - mmFusion - INFO - ===> training iteration[2500/3000] lr: 0.000000, ETA: 7s
2023-01-09 16:26:36,810 - mmFusion - INFO - full loss: 0.024774
2023-01-09 16:26:36,810 - mmFusion - INFO - all_rec_loss_l1: 0.024774
2023-01-09 16:26:36,815 - mmFusion - INFO - Checkpoint saved to data/PSData3/model_out/ucgan_GF-2/train_out/model_iter_2500.pth
2023-01-09 16:26:36,958 - mmFusion - INFO - ===> training iteration[2510/3000] lr: 0.000000, ETA: 7s
2023-01-09 16:26:36,958 - mmFusion - INFO - full loss: 0.031460
2023-01-09 16:26:36,958 - mmFusion - INFO - all_rec_loss_l1: 0.031460
2023-01-09 16:26:37,100 - mmFusion - INFO - ===> training iteration[2520/3000] lr: 0.000000, ETA: 6s
2023-01-09 16:26:37,100 - mmFusion - INFO - full loss: 0.042306
2023-01-09 16:26:37,100 - mmFusion - INFO - all_rec_loss_l1: 0.042306
2023-01-09 16:26:37,254 - mmFusion - INFO - ===> training iteration[2530/3000] lr: 0.000000, ETA: 7s
2023-01-09 16:26:37,255 - mmFusion - INFO - full loss: 0.034210
2023-01-09 16:26:37,255 - mmFusion - INFO - all_rec_loss_l1: 0.034210
2023-01-09 16:26:37,408 - mmFusion - INFO - ===> training iteration[2540/3000] lr: 0.000000, ETA: 7s
2023-01-09 16:26:37,409 - mmFusion - INFO - full loss: 0.044122
2023-01-09 16:26:37,409 - mmFusion - INFO - all_rec_loss_l1: 0.044122
2023-01-09 16:26:37,570 - mmFusion - INFO - ===> training iteration[2550/3000] lr: 0.000000, ETA: 7s
2023-01-09 16:26:37,570 - mmFusion - INFO - full loss: 0.037861
2023-01-09 16:26:37,570 - mmFusion - INFO - all_rec_loss_l1: 0.037861
2023-01-09 16:26:37,724 - mmFusion - INFO - ===> training iteration[2560/3000] lr: 0.000000, ETA: 6s
2023-01-09 16:26:37,725 - mmFusion - INFO - full loss: 0.048284
2023-01-09 16:26:37,725 - mmFusion - INFO - all_rec_loss_l1: 0.048284
2023-01-09 16:26:37,873 - mmFusion - INFO - ===> training iteration[2570/3000] lr: 0.000000, ETA: 6s
2023-01-09 16:26:37,873 - mmFusion - INFO - full loss: 0.030366
2023-01-09 16:26:37,874 - mmFusion - INFO - all_rec_loss_l1: 0.030366
2023-01-09 16:26:38,023 - mmFusion - INFO - ===> training iteration[2580/3000] lr: 0.000000, ETA: 6s
2023-01-09 16:26:38,023 - mmFusion - INFO - full loss: 0.053732
2023-01-09 16:26:38,023 - mmFusion - INFO - all_rec_loss_l1: 0.053732
2023-01-09 16:26:38,170 - mmFusion - INFO - ===> training iteration[2590/3000] lr: 0.000000, ETA: 6s
2023-01-09 16:26:38,171 - mmFusion - INFO - full loss: 0.021702
2023-01-09 16:26:38,171 - mmFusion - INFO - all_rec_loss_l1: 0.021702
2023-01-09 16:26:38,328 - mmFusion - INFO - ===> training iteration[2600/3000] lr: 0.000000, ETA: 6s
2023-01-09 16:26:38,328 - mmFusion - INFO - full loss: 0.042365
2023-01-09 16:26:38,329 - mmFusion - INFO - all_rec_loss_l1: 0.042365
2023-01-09 16:26:38,339 - mmFusion - INFO - Checkpoint saved to data/PSData3/model_out/ucgan_GF-2/train_out/model_iter_2600.pth
2023-01-09 16:26:38,486 - mmFusion - INFO - ===> training iteration[2610/3000] lr: 0.000000, ETA: 6s
2023-01-09 16:26:38,486 - mmFusion - INFO - full loss: 0.045387
2023-01-09 16:26:38,486 - mmFusion - INFO - all_rec_loss_l1: 0.045387
2023-01-09 16:26:38,638 - mmFusion - INFO - ===> training iteration[2620/3000] lr: 0.000000, ETA: 5s
2023-01-09 16:26:38,638 - mmFusion - INFO - full loss: 0.044551
2023-01-09 16:26:38,638 - mmFusion - INFO - all_rec_loss_l1: 0.044551
2023-01-09 16:26:38,793 - mmFusion - INFO - ===> training iteration[2630/3000] lr: 0.000000, ETA: 5s
2023-01-09 16:26:38,794 - mmFusion - INFO - full loss: 0.048753
2023-01-09 16:26:38,794 - mmFusion - INFO - all_rec_loss_l1: 0.048753
2023-01-09 16:26:38,953 - mmFusion - INFO - ===> training iteration[2640/3000] lr: 0.000000, ETA: 5s
2023-01-09 16:26:38,954 - mmFusion - INFO - full loss: 0.038424
2023-01-09 16:26:38,954 - mmFusion - INFO - all_rec_loss_l1: 0.038424
2023-01-09 16:26:39,112 - mmFusion - INFO - ===> training iteration[2650/3000] lr: 0.000000, ETA: 5s
2023-01-09 16:26:39,113 - mmFusion - INFO - full loss: 0.056423
2023-01-09 16:26:39,113 - mmFusion - INFO - all_rec_loss_l1: 0.056423
2023-01-09 16:26:39,266 - mmFusion - INFO - ===> training iteration[2660/3000] lr: 0.000000, ETA: 5s
2023-01-09 16:26:39,267 - mmFusion - INFO - full loss: 0.035833
2023-01-09 16:26:39,267 - mmFusion - INFO - all_rec_loss_l1: 0.035833
2023-01-09 16:26:39,410 - mmFusion - INFO - ===> training iteration[2670/3000] lr: 0.000000, ETA: 4s
2023-01-09 16:26:39,410 - mmFusion - INFO - full loss: 0.028834
2023-01-09 16:26:39,410 - mmFusion - INFO - all_rec_loss_l1: 0.028834
2023-01-09 16:26:39,562 - mmFusion - INFO - ===> training iteration[2680/3000] lr: 0.000000, ETA: 4s
2023-01-09 16:26:39,562 - mmFusion - INFO - full loss: 0.038928
2023-01-09 16:26:39,562 - mmFusion - INFO - all_rec_loss_l1: 0.038928
2023-01-09 16:26:39,714 - mmFusion - INFO - ===> training iteration[2690/3000] lr: 0.000000, ETA: 4s
2023-01-09 16:26:39,714 - mmFusion - INFO - full loss: 0.060537
2023-01-09 16:26:39,714 - mmFusion - INFO - all_rec_loss_l1: 0.060537
2023-01-09 16:26:39,866 - mmFusion - INFO - ===> training iteration[2700/3000] lr: 0.000000, ETA: 4s
2023-01-09 16:26:39,866 - mmFusion - INFO - full loss: 0.035277
2023-01-09 16:26:39,866 - mmFusion - INFO - all_rec_loss_l1: 0.035277
2023-01-09 16:26:39,872 - mmFusion - INFO - Checkpoint saved to data/PSData3/model_out/ucgan_GF-2/train_out/model_iter_2700.pth
2023-01-09 16:26:40,031 - mmFusion - INFO - ===> training iteration[2710/3000] lr: 0.000000, ETA: 4s
2023-01-09 16:26:40,031 - mmFusion - INFO - full loss: 0.053718
2023-01-09 16:26:40,032 - mmFusion - INFO - all_rec_loss_l1: 0.053718
2023-01-09 16:26:40,192 - mmFusion - INFO - ===> training iteration[2720/3000] lr: 0.000000, ETA: 4s
2023-01-09 16:26:40,193 - mmFusion - INFO - full loss: 0.055923
2023-01-09 16:26:40,193 - mmFusion - INFO - all_rec_loss_l1: 0.055923
2023-01-09 16:26:40,332 - mmFusion - INFO - ===> training iteration[2730/3000] lr: 0.000000, ETA: 3s
2023-01-09 16:26:40,333 - mmFusion - INFO - full loss: 0.056070
2023-01-09 16:26:40,333 - mmFusion - INFO - all_rec_loss_l1: 0.056070
2023-01-09 16:26:40,480 - mmFusion - INFO - ===> training iteration[2740/3000] lr: 0.000000, ETA: 3s
2023-01-09 16:26:40,481 - mmFusion - INFO - full loss: 0.037516
2023-01-09 16:26:40,481 - mmFusion - INFO - all_rec_loss_l1: 0.037516
2023-01-09 16:26:40,641 - mmFusion - INFO - ===> training iteration[2750/3000] lr: 0.000000, ETA: 4s
2023-01-09 16:26:40,642 - mmFusion - INFO - full loss: 0.057806
2023-01-09 16:26:40,642 - mmFusion - INFO - all_rec_loss_l1: 0.057806
2023-01-09 16:26:40,793 - mmFusion - INFO - ===> training iteration[2760/3000] lr: 0.000000, ETA: 3s
2023-01-09 16:26:40,793 - mmFusion - INFO - full loss: 0.035293
2023-01-09 16:26:40,794 - mmFusion - INFO - all_rec_loss_l1: 0.035293
2023-01-09 16:26:40,942 - mmFusion - INFO - ===> training iteration[2770/3000] lr: 0.000000, ETA: 3s
2023-01-09 16:26:40,942 - mmFusion - INFO - full loss: 0.050142
2023-01-09 16:26:40,942 - mmFusion - INFO - all_rec_loss_l1: 0.050142
2023-01-09 16:26:41,086 - mmFusion - INFO - ===> training iteration[2780/3000] lr: 0.000000, ETA: 3s
2023-01-09 16:26:41,087 - mmFusion - INFO - full loss: 0.039203
2023-01-09 16:26:41,087 - mmFusion - INFO - all_rec_loss_l1: 0.039203
2023-01-09 16:26:41,242 - mmFusion - INFO - ===> training iteration[2790/3000] lr: 0.000000, ETA: 3s
2023-01-09 16:26:41,242 - mmFusion - INFO - full loss: 0.054722
2023-01-09 16:26:41,243 - mmFusion - INFO - all_rec_loss_l1: 0.054722
2023-01-09 16:26:41,403 - mmFusion - INFO - ===> training iteration[2800/3000] lr: 0.000000, ETA: 3s
2023-01-09 16:26:41,403 - mmFusion - INFO - full loss: 0.039242
2023-01-09 16:26:41,404 - mmFusion - INFO - all_rec_loss_l1: 0.039242
2023-01-09 16:26:41,409 - mmFusion - INFO - Checkpoint saved to data/PSData3/model_out/ucgan_GF-2/train_out/model_iter_2800.pth
2023-01-09 16:26:41,557 - mmFusion - INFO - ===> training iteration[2810/3000] lr: 0.000000, ETA: 2s
2023-01-09 16:26:41,558 - mmFusion - INFO - full loss: 0.052148
2023-01-09 16:26:41,558 - mmFusion - INFO - all_rec_loss_l1: 0.052148
2023-01-09 16:26:41,710 - mmFusion - INFO - ===> training iteration[2820/3000] lr: 0.000000, ETA: 2s
2023-01-09 16:26:41,711 - mmFusion - INFO - full loss: 0.033276
2023-01-09 16:26:41,711 - mmFusion - INFO - all_rec_loss_l1: 0.033276
2023-01-09 16:26:41,865 - mmFusion - INFO - ===> training iteration[2830/3000] lr: 0.000000, ETA: 2s
2023-01-09 16:26:41,865 - mmFusion - INFO - full loss: 0.046909
2023-01-09 16:26:41,866 - mmFusion - INFO - all_rec_loss_l1: 0.046909
2023-01-09 16:26:42,017 - mmFusion - INFO - ===> training iteration[2840/3000] lr: 0.000000, ETA: 2s
2023-01-09 16:26:42,017 - mmFusion - INFO - full loss: 0.029939
2023-01-09 16:26:42,017 - mmFusion - INFO - all_rec_loss_l1: 0.029939
2023-01-09 16:26:42,171 - mmFusion - INFO - ===> training iteration[2850/3000] lr: 0.000000, ETA: 2s
2023-01-09 16:26:42,172 - mmFusion - INFO - full loss: 0.043653
2023-01-09 16:26:42,172 - mmFusion - INFO - all_rec_loss_l1: 0.043653
2023-01-09 16:26:42,323 - mmFusion - INFO - ===> training iteration[2860/3000] lr: 0.000000, ETA: 2s
2023-01-09 16:26:42,324 - mmFusion - INFO - full loss: 0.028210
2023-01-09 16:26:42,324 - mmFusion - INFO - all_rec_loss_l1: 0.028210
2023-01-09 16:26:42,479 - mmFusion - INFO - ===> training iteration[2870/3000] lr: 0.000000, ETA: 2s
2023-01-09 16:26:42,479 - mmFusion - INFO - full loss: 0.038364
2023-01-09 16:26:42,479 - mmFusion - INFO - all_rec_loss_l1: 0.038364
2023-01-09 16:26:42,645 - mmFusion - INFO - ===> training iteration[2880/3000] lr: 0.000000, ETA: 1s
2023-01-09 16:26:42,645 - mmFusion - INFO - full loss: 0.038609
2023-01-09 16:26:42,645 - mmFusion - INFO - all_rec_loss_l1: 0.038609
2023-01-09 16:26:42,795 - mmFusion - INFO - ===> training iteration[2890/3000] lr: 0.000000, ETA: 1s
2023-01-09 16:26:42,796 - mmFusion - INFO - full loss: 0.038877
2023-01-09 16:26:42,796 - mmFusion - INFO - all_rec_loss_l1: 0.038877
2023-01-09 16:26:42,959 - mmFusion - INFO - ===> training iteration[2900/3000] lr: 0.000000, ETA: 1s
2023-01-09 16:26:42,960 - mmFusion - INFO - full loss: 0.042350
2023-01-09 16:26:42,960 - mmFusion - INFO - all_rec_loss_l1: 0.042350
2023-01-09 16:26:42,966 - mmFusion - INFO - Checkpoint saved to data/PSData3/model_out/ucgan_GF-2/train_out/model_iter_2900.pth
2023-01-09 16:26:43,126 - mmFusion - INFO - ===> training iteration[2910/3000] lr: 0.000000, ETA: 1s
2023-01-09 16:26:43,127 - mmFusion - INFO - full loss: 0.038536
2023-01-09 16:26:43,127 - mmFusion - INFO - all_rec_loss_l1: 0.038536
2023-01-09 16:26:43,277 - mmFusion - INFO - ===> training iteration[2920/3000] lr: 0.000000, ETA: 1s
2023-01-09 16:26:43,277 - mmFusion - INFO - full loss: 0.088569
2023-01-09 16:26:43,277 - mmFusion - INFO - all_rec_loss_l1: 0.088569
2023-01-09 16:26:43,426 - mmFusion - INFO - ===> training iteration[2930/3000] lr: 0.000000, ETA: 1s
2023-01-09 16:26:43,427 - mmFusion - INFO - full loss: 0.042381
2023-01-09 16:26:43,427 - mmFusion - INFO - all_rec_loss_l1: 0.042381
2023-01-09 16:26:43,580 - mmFusion - INFO - ===> training iteration[2940/3000] lr: 0.000000, ETA: 0s
2023-01-09 16:26:43,580 - mmFusion - INFO - full loss: 0.038738
2023-01-09 16:26:43,580 - mmFusion - INFO - all_rec_loss_l1: 0.038738
2023-01-09 16:26:43,730 - mmFusion - INFO - ===> training iteration[2950/3000] lr: 0.000000, ETA: 0s
2023-01-09 16:26:43,731 - mmFusion - INFO - full loss: 0.039696
2023-01-09 16:26:43,731 - mmFusion - INFO - all_rec_loss_l1: 0.039696
2023-01-09 16:26:43,884 - mmFusion - INFO - ===> training iteration[2960/3000] lr: 0.000000, ETA: 0s
2023-01-09 16:26:43,885 - mmFusion - INFO - full loss: 0.043257
2023-01-09 16:26:43,885 - mmFusion - INFO - all_rec_loss_l1: 0.043257
2023-01-09 16:26:44,035 - mmFusion - INFO - ===> training iteration[2970/3000] lr: 0.000000, ETA: 0s
2023-01-09 16:26:44,035 - mmFusion - INFO - full loss: 0.062431
2023-01-09 16:26:44,035 - mmFusion - INFO - all_rec_loss_l1: 0.062431
2023-01-09 16:26:44,191 - mmFusion - INFO - ===> training iteration[2980/3000] lr: 0.000000, ETA: 0s
2023-01-09 16:26:44,191 - mmFusion - INFO - full loss: 0.044677
2023-01-09 16:26:44,191 - mmFusion - INFO - all_rec_loss_l1: 0.044677
2023-01-09 16:26:44,329 - mmFusion - INFO - ===> training iteration[2990/3000] lr: 0.000000, ETA: 0s
2023-01-09 16:26:44,329 - mmFusion - INFO - full loss: 0.032553
2023-01-09 16:26:44,329 - mmFusion - INFO - all_rec_loss_l1: 0.032553
2023-01-09 16:26:44,454 - mmFusion - INFO - ===> training iteration[3000/3000] lr: 0.000000, ETA: 0s
2023-01-09 16:26:44,454 - mmFusion - INFO - full loss: 0.040754
2023-01-09 16:26:44,455 - mmFusion - INFO - all_rec_loss_l1: 0.040754
2023-01-09 16:26:44,593 - mmFusion - INFO - ===> Final Saving Weights
2023-01-09 16:26:44,599 - mmFusion - INFO - Checkpoint saved to data/PSData3/model_out/ucgan_GF-2/train_out/model_iter_3000.pth
2023-01-09 16:26:44,599 - mmFusion - INFO - ===> Final Testing
2023-01-09 16:26:44,600 - mmFusion - INFO - Low resolution testing ...
2023-01-09 16:33:25,515 - mmFusion - INFO - SAM metric value: 5.3302 +- 3.0423
2023-01-09 16:33:25,516 - mmFusion - INFO - ERGAS metric value: 9.6599 +- 3.0530
2023-01-09 16:33:25,516 - mmFusion - INFO - Q4 metric value: 0.6358 +- 0.2768
2023-01-09 16:33:25,516 - mmFusion - INFO - SCC metric value: 0.8214 +- 0.1282
2023-01-09 16:33:25,517 - mmFusion - INFO - SSIM metric value: 0.7657 +- 0.1892
2023-01-09 16:33:25,517 - mmFusion - INFO - MPSNR metric value: 24.4467 +- 6.6456
2023-01-09 16:33:25,517 - mmFusion - INFO - SAM metric curve: [5.3302]
2023-01-09 16:33:25,517 - mmFusion - INFO - ERGAS metric curve: [9.6599]
2023-01-09 16:33:25,518 - mmFusion - INFO - Q4 metric curve: [0.6358]
2023-01-09 16:33:25,518 - mmFusion - INFO - SCC metric curve: [0.8214]
2023-01-09 16:33:25,518 - mmFusion - INFO - SSIM metric curve: [0.7657]
2023-01-09 16:33:25,518 - mmFusion - INFO - MPSNR metric curve: [24.4467]
2023-01-09 16:33:25,518 - mmFusion - INFO - Avg time cost per img: 0.00034s
2023-01-09 16:33:25,518 - mmFusion - INFO - ===> Finish !!!
